<?xml version="1.0" encoding="UTF-8"?>
<robot generator="Robot 6.1.1 (Python 3.10.12 on linux)" generated="20231119 12:40:33.687" rpa="false" schemaversion="4">
<suite id="s1" name="Tests" source="/home/mspaajan/Documents/OhTu/palautusrepositorio/viikko3/web-login/src/tests">
<suite id="s1-s1" name="Home" source="/home/mspaajan/Documents/OhTu/palautusrepositorio/viikko3/web-login/src/tests/home.robot">
<kw name="Open And Configure Browser" library="resource" type="SETUP">
<kw name="Evaluate" library="BuiltIn">
<var>${options}</var>
<arg>sys.modules['selenium.webdriver'].ChromeOptions()</arg>
<arg>sys</arg>
<doc>Evaluates the given expression in Python and returns the result.</doc>
<msg timestamp="20231119 12:40:33.944" level="INFO">${options} = &lt;selenium.webdriver.chrome.options.Options object at 0x7fc892b69a80&gt;</msg>
<status status="PASS" starttime="20231119 12:40:33.943" endtime="20231119 12:40:33.944"/>
</kw>
<kw name="Call Method" library="BuiltIn">
<arg>${options}</arg>
<arg>add_argument</arg>
<arg>--no-sandbox</arg>
<doc>Calls the named method of the given object with the provided arguments.</doc>
<status status="PASS" starttime="20231119 12:40:33.944" endtime="20231119 12:40:33.944"/>
</kw>
<kw name="Call Method" library="BuiltIn">
<arg>${options}</arg>
<arg>add_argument</arg>
<arg>--headless</arg>
<doc>Calls the named method of the given object with the provided arguments.</doc>
<status status="PASS" starttime="20231119 12:40:33.944" endtime="20231119 12:40:33.945"/>
</kw>
<kw name="Open Browser" library="SeleniumLibrary">
<arg>browser=chrome</arg>
<arg>options=${options}</arg>
<doc>Opens a new browser instance to the optional ``url``.</doc>
<msg timestamp="20231119 12:40:33.946" level="INFO">Opening browser 'chrome' to base url 'None'.</msg>
<status status="PASS" starttime="20231119 12:40:33.945" endtime="20231119 12:40:34.729"/>
</kw>
<kw name="Set Selenium Speed" library="SeleniumLibrary">
<arg>${DELAY}</arg>
<doc>Sets the delay that is waited after each Selenium command.</doc>
<status status="PASS" starttime="20231119 12:40:34.729" endtime="20231119 12:40:34.729"/>
</kw>
<status status="PASS" starttime="20231119 12:40:33.943" endtime="20231119 12:40:34.729"/>
</kw>
<test id="s1-s1-t1" name="Click Login Link" line="8">
<kw name="Go To Starting Page" library="resource" type="SETUP">
<kw name="Go To" library="SeleniumLibrary">
<arg>${HOME_URL}</arg>
<doc>Navigates the current browser window to the provided ``url``.</doc>
<msg timestamp="20231119 12:40:34.731" level="INFO">Opening url 'http://localhost:5001'</msg>
<status status="PASS" starttime="20231119 12:40:34.731" endtime="20231119 12:40:34.783"/>
</kw>
<status status="PASS" starttime="20231119 12:40:34.730" endtime="20231119 12:40:34.783"/>
</kw>
<kw name="Click Link" library="SeleniumLibrary">
<arg>Login</arg>
<doc>Clicks a link identified by ``locator``.</doc>
<msg timestamp="20231119 12:40:34.784" level="INFO">Clicking link 'Login'.</msg>
<status status="PASS" starttime="20231119 12:40:34.783" endtime="20231119 12:40:34.877"/>
</kw>
<kw name="Login Page Should Be Open" library="resource">
<kw name="Title Should Be" library="SeleniumLibrary">
<arg>Login</arg>
<doc>Verifies that the current page title equals ``title``.</doc>
<msg timestamp="20231119 12:40:34.883" level="INFO">Page title is 'Login'.</msg>
<status status="PASS" starttime="20231119 12:40:34.878" endtime="20231119 12:40:34.884"/>
</kw>
<status status="PASS" starttime="20231119 12:40:34.877" endtime="20231119 12:40:34.884"/>
</kw>
<status status="PASS" starttime="20231119 12:40:34.730" endtime="20231119 12:40:34.884"/>
</test>
<test id="s1-s1-t2" name="Click Register Link" line="12">
<kw name="Go To Starting Page" library="resource" type="SETUP">
<kw name="Go To" library="SeleniumLibrary">
<arg>${HOME_URL}</arg>
<doc>Navigates the current browser window to the provided ``url``.</doc>
<msg timestamp="20231119 12:40:34.886" level="INFO">Opening url 'http://localhost:5001'</msg>
<status status="PASS" starttime="20231119 12:40:34.885" endtime="20231119 12:40:34.902"/>
</kw>
<status status="PASS" starttime="20231119 12:40:34.885" endtime="20231119 12:40:34.902"/>
</kw>
<kw name="Click Link" library="SeleniumLibrary">
<arg>Register new user</arg>
<doc>Clicks a link identified by ``locator``.</doc>
<msg timestamp="20231119 12:40:34.903" level="INFO">Clicking link 'Register new user'.</msg>
<status status="PASS" starttime="20231119 12:40:34.902" endtime="20231119 12:40:34.975"/>
</kw>
<kw name="Register Page Should Be Open" library="resource">
<kw name="Title Should Be" library="SeleniumLibrary">
<arg>Register</arg>
<doc>Verifies that the current page title equals ``title``.</doc>
<msg timestamp="20231119 12:40:34.980" level="INFO">Page title is 'Register'.</msg>
<status status="PASS" starttime="20231119 12:40:34.975" endtime="20231119 12:40:34.980"/>
</kw>
<status status="PASS" starttime="20231119 12:40:34.975" endtime="20231119 12:40:34.980"/>
</kw>
<status status="PASS" starttime="20231119 12:40:34.884" endtime="20231119 12:40:34.980"/>
</test>
<test id="s1-s1-t3" name="Go To Starting Page" line="16">
<kw name="Go To Starting Page" library="resource" type="SETUP">
<kw name="Go To" library="SeleniumLibrary">
<arg>${HOME_URL}</arg>
<doc>Navigates the current browser window to the provided ``url``.</doc>
<msg timestamp="20231119 12:40:34.982" level="INFO">Opening url 'http://localhost:5001'</msg>
<status status="PASS" starttime="20231119 12:40:34.982" endtime="20231119 12:40:34.997"/>
</kw>
<status status="PASS" starttime="20231119 12:40:34.981" endtime="20231119 12:40:34.997"/>
</kw>
<kw name="Go To Starting Page" library="resource">
<kw name="Go To" library="SeleniumLibrary">
<arg>${HOME_URL}</arg>
<doc>Navigates the current browser window to the provided ``url``.</doc>
<msg timestamp="20231119 12:40:34.998" level="INFO">Opening url 'http://localhost:5001'</msg>
<status status="PASS" starttime="20231119 12:40:34.998" endtime="20231119 12:40:35.013"/>
</kw>
<status status="PASS" starttime="20231119 12:40:34.998" endtime="20231119 12:40:35.013"/>
</kw>
<kw name="Starting Page Should Be Open" library="resource">
<kw name="Title Should Be" library="SeleniumLibrary">
<arg>Ohtu Application</arg>
<doc>Verifies that the current page title equals ``title``.</doc>
<msg timestamp="20231119 12:40:35.019" level="INFO">Page title is 'Ohtu Application'.</msg>
<status status="PASS" starttime="20231119 12:40:35.014" endtime="20231119 12:40:35.019"/>
</kw>
<status status="PASS" starttime="20231119 12:40:35.014" endtime="20231119 12:40:35.019"/>
</kw>
<status status="PASS" starttime="20231119 12:40:34.981" endtime="20231119 12:40:35.020"/>
</test>
<kw name="Close Browser" library="SeleniumLibrary" type="TEARDOWN">
<doc>Closes the current browser.</doc>
<status status="PASS" starttime="20231119 12:40:35.021" endtime="20231119 12:40:35.079"/>
</kw>
<status status="PASS" starttime="20231119 12:40:33.713" endtime="20231119 12:40:35.079"/>
</suite>
<suite id="s1-s2" name="Login" source="/home/mspaajan/Documents/OhTu/palautusrepositorio/viikko3/web-login/src/tests/login.robot">
<kw name="Open And Configure Browser" library="resource" type="SETUP">
<kw name="Evaluate" library="BuiltIn">
<var>${options}</var>
<arg>sys.modules['selenium.webdriver'].ChromeOptions()</arg>
<arg>sys</arg>
<doc>Evaluates the given expression in Python and returns the result.</doc>
<msg timestamp="20231119 12:40:35.087" level="INFO">${options} = &lt;selenium.webdriver.chrome.options.Options object at 0x7fc892b6a7a0&gt;</msg>
<status status="PASS" starttime="20231119 12:40:35.087" endtime="20231119 12:40:35.087"/>
</kw>
<kw name="Call Method" library="BuiltIn">
<arg>${options}</arg>
<arg>add_argument</arg>
<arg>--no-sandbox</arg>
<doc>Calls the named method of the given object with the provided arguments.</doc>
<status status="PASS" starttime="20231119 12:40:35.087" endtime="20231119 12:40:35.088"/>
</kw>
<kw name="Call Method" library="BuiltIn">
<arg>${options}</arg>
<arg>add_argument</arg>
<arg>--headless</arg>
<doc>Calls the named method of the given object with the provided arguments.</doc>
<status status="PASS" starttime="20231119 12:40:35.088" endtime="20231119 12:40:35.088"/>
</kw>
<kw name="Open Browser" library="SeleniumLibrary">
<arg>browser=chrome</arg>
<arg>options=${options}</arg>
<doc>Opens a new browser instance to the optional ``url``.</doc>
<msg timestamp="20231119 12:40:35.089" level="INFO">Opening browser 'chrome' to base url 'None'.</msg>
<status status="PASS" starttime="20231119 12:40:35.088" endtime="20231119 12:40:35.884"/>
</kw>
<kw name="Set Selenium Speed" library="SeleniumLibrary">
<arg>${DELAY}</arg>
<doc>Sets the delay that is waited after each Selenium command.</doc>
<status status="PASS" starttime="20231119 12:40:35.884" endtime="20231119 12:40:35.885"/>
</kw>
<status status="PASS" starttime="20231119 12:40:35.086" endtime="20231119 12:40:35.885"/>
</kw>
<test id="s1-s2-t1" name="Login With Correct Credentials" line="8">
<kw name="Create User And Go To Login Page" type="SETUP">
<kw name="Create User" library="AppLibrary">
<arg>kalle</arg>
<arg>kalle123</arg>
<status status="PASS" starttime="20231119 12:40:35.886" endtime="20231119 12:40:35.899"/>
</kw>
<kw name="Go To Login Page" library="resource">
<kw name="Go To" library="SeleniumLibrary">
<arg>${LOGIN_URL}</arg>
<doc>Navigates the current browser window to the provided ``url``.</doc>
<msg timestamp="20231119 12:40:35.900" level="INFO">Opening url 'http://localhost:5001/login'</msg>
<status status="PASS" starttime="20231119 12:40:35.900" endtime="20231119 12:40:35.958"/>
</kw>
<status status="PASS" starttime="20231119 12:40:35.900" endtime="20231119 12:40:35.958"/>
</kw>
<kw name="Login Page Should Be Open" library="resource">
<kw name="Title Should Be" library="SeleniumLibrary">
<arg>Login</arg>
<doc>Verifies that the current page title equals ``title``.</doc>
<msg timestamp="20231119 12:40:35.965" level="INFO">Page title is 'Login'.</msg>
<status status="PASS" starttime="20231119 12:40:35.959" endtime="20231119 12:40:35.965"/>
</kw>
<status status="PASS" starttime="20231119 12:40:35.959" endtime="20231119 12:40:35.965"/>
</kw>
<status status="PASS" starttime="20231119 12:40:35.885" endtime="20231119 12:40:35.965"/>
</kw>
<kw name="Set Username">
<arg>kalle</arg>
<kw name="Input Text" library="SeleniumLibrary">
<arg>username</arg>
<arg>${username}</arg>
<doc>Types the given ``text`` into the text field identified by ``locator``.</doc>
<msg timestamp="20231119 12:40:35.967" level="INFO">Typing text 'kalle' into text field 'username'.</msg>
<status status="PASS" starttime="20231119 12:40:35.966" endtime="20231119 12:40:36.094"/>
</kw>
<status status="PASS" starttime="20231119 12:40:35.966" endtime="20231119 12:40:36.094"/>
</kw>
<kw name="Set Password">
<arg>kalle123</arg>
<kw name="Input Password" library="SeleniumLibrary">
<arg>password</arg>
<arg>${password}</arg>
<doc>Types the given password into the text field identified by ``locator``.</doc>
<msg timestamp="20231119 12:40:36.095" level="INFO">Typing password into text field 'password'.</msg>
<msg timestamp="20231119 12:40:36.141" level="INFO">Temporally setting log level to: NONE</msg>
<msg timestamp="20231119 12:40:36.192" level="INFO">Log level changed from NONE to INFO.</msg>
<status status="PASS" starttime="20231119 12:40:36.095" endtime="20231119 12:40:36.192"/>
</kw>
<status status="PASS" starttime="20231119 12:40:36.094" endtime="20231119 12:40:36.192"/>
</kw>
<kw name="Submit Credentials">
<kw name="Click Button" library="SeleniumLibrary">
<arg>Login</arg>
<doc>Clicks the button identified by ``locator``.</doc>
<msg timestamp="20231119 12:40:36.194" level="INFO">Clicking button 'Login'.</msg>
<status status="PASS" starttime="20231119 12:40:36.193" endtime="20231119 12:40:36.291"/>
</kw>
<status status="PASS" starttime="20231119 12:40:36.193" endtime="20231119 12:40:36.291"/>
</kw>
<kw name="Login Should Succeed">
<kw name="Main Page Should Be Open" library="resource">
<kw name="Title Should Be" library="SeleniumLibrary">
<arg>Ohtu Application main page</arg>
<doc>Verifies that the current page title equals ``title``.</doc>
<msg timestamp="20231119 12:40:36.297" level="INFO">Page title is 'Ohtu Application main page'.</msg>
<status status="PASS" starttime="20231119 12:40:36.292" endtime="20231119 12:40:36.297"/>
</kw>
<status status="PASS" starttime="20231119 12:40:36.292" endtime="20231119 12:40:36.297"/>
</kw>
<status status="PASS" starttime="20231119 12:40:36.291" endtime="20231119 12:40:36.297"/>
</kw>
<status status="PASS" starttime="20231119 12:40:35.885" endtime="20231119 12:40:36.298"/>
</test>
<test id="s1-s2-t2" name="Login With Incorrect Password" line="14">
<kw name="Create User And Go To Login Page" type="SETUP">
<kw name="Create User" library="AppLibrary">
<arg>kalle</arg>
<arg>kalle123</arg>
<status status="PASS" starttime="20231119 12:40:36.299" endtime="20231119 12:40:36.313"/>
</kw>
<kw name="Go To Login Page" library="resource">
<kw name="Go To" library="SeleniumLibrary">
<arg>${LOGIN_URL}</arg>
<doc>Navigates the current browser window to the provided ``url``.</doc>
<msg timestamp="20231119 12:40:36.314" level="INFO">Opening url 'http://localhost:5001/login'</msg>
<status status="PASS" starttime="20231119 12:40:36.313" endtime="20231119 12:40:36.330"/>
</kw>
<status status="PASS" starttime="20231119 12:40:36.313" endtime="20231119 12:40:36.330"/>
</kw>
<kw name="Login Page Should Be Open" library="resource">
<kw name="Title Should Be" library="SeleniumLibrary">
<arg>Login</arg>
<doc>Verifies that the current page title equals ``title``.</doc>
<msg timestamp="20231119 12:40:36.336" level="INFO">Page title is 'Login'.</msg>
<status status="PASS" starttime="20231119 12:40:36.330" endtime="20231119 12:40:36.336"/>
</kw>
<status status="PASS" starttime="20231119 12:40:36.330" endtime="20231119 12:40:36.336"/>
</kw>
<status status="PASS" starttime="20231119 12:40:36.299" endtime="20231119 12:40:36.336"/>
</kw>
<kw name="Set Username">
<arg>kalle</arg>
<kw name="Input Text" library="SeleniumLibrary">
<arg>username</arg>
<arg>${username}</arg>
<doc>Types the given ``text`` into the text field identified by ``locator``.</doc>
<msg timestamp="20231119 12:40:36.338" level="INFO">Typing text 'kalle' into text field 'username'.</msg>
<status status="PASS" starttime="20231119 12:40:36.337" endtime="20231119 12:40:36.427"/>
</kw>
<status status="PASS" starttime="20231119 12:40:36.337" endtime="20231119 12:40:36.427"/>
</kw>
<kw name="Set Password">
<arg>kalle456</arg>
<kw name="Input Password" library="SeleniumLibrary">
<arg>password</arg>
<arg>${password}</arg>
<doc>Types the given password into the text field identified by ``locator``.</doc>
<msg timestamp="20231119 12:40:36.429" level="INFO">Typing password into text field 'password'.</msg>
<msg timestamp="20231119 12:40:36.468" level="INFO">Temporally setting log level to: NONE</msg>
<msg timestamp="20231119 12:40:36.519" level="INFO">Log level changed from NONE to INFO.</msg>
<status status="PASS" starttime="20231119 12:40:36.428" endtime="20231119 12:40:36.519"/>
</kw>
<status status="PASS" starttime="20231119 12:40:36.428" endtime="20231119 12:40:36.519"/>
</kw>
<kw name="Submit Credentials">
<kw name="Click Button" library="SeleniumLibrary">
<arg>Login</arg>
<doc>Clicks the button identified by ``locator``.</doc>
<msg timestamp="20231119 12:40:36.521" level="INFO">Clicking button 'Login'.</msg>
<status status="PASS" starttime="20231119 12:40:36.520" endtime="20231119 12:40:36.596"/>
</kw>
<status status="PASS" starttime="20231119 12:40:36.519" endtime="20231119 12:40:36.596"/>
</kw>
<kw name="Login Should Fail With Message">
<arg>Invalid username or password</arg>
<kw name="Login Page Should Be Open" library="resource">
<kw name="Title Should Be" library="SeleniumLibrary">
<arg>Login</arg>
<doc>Verifies that the current page title equals ``title``.</doc>
<msg timestamp="20231119 12:40:36.603" level="INFO">Page title is 'Login'.</msg>
<status status="PASS" starttime="20231119 12:40:36.597" endtime="20231119 12:40:36.603"/>
</kw>
<status status="PASS" starttime="20231119 12:40:36.596" endtime="20231119 12:40:36.603"/>
</kw>
<kw name="Page Should Contain" library="SeleniumLibrary">
<arg>${message}</arg>
<doc>Verifies that current page contains ``text``.</doc>
<msg timestamp="20231119 12:40:36.625" level="INFO">Current page contains text 'Invalid username or password'.</msg>
<status status="PASS" starttime="20231119 12:40:36.603" endtime="20231119 12:40:36.625"/>
</kw>
<status status="PASS" starttime="20231119 12:40:36.596" endtime="20231119 12:40:36.625"/>
</kw>
<status status="PASS" starttime="20231119 12:40:36.298" endtime="20231119 12:40:36.625"/>
</test>
<test id="s1-s2-t3" name="Login With Nonexistent Username" line="20">
<kw name="Create User And Go To Login Page" type="SETUP">
<kw name="Create User" library="AppLibrary">
<arg>kalle</arg>
<arg>kalle123</arg>
<status status="PASS" starttime="20231119 12:40:36.627" endtime="20231119 12:40:36.639"/>
</kw>
<kw name="Go To Login Page" library="resource">
<kw name="Go To" library="SeleniumLibrary">
<arg>${LOGIN_URL}</arg>
<doc>Navigates the current browser window to the provided ``url``.</doc>
<msg timestamp="20231119 12:40:36.640" level="INFO">Opening url 'http://localhost:5001/login'</msg>
<status status="PASS" starttime="20231119 12:40:36.639" endtime="20231119 12:40:36.656"/>
</kw>
<status status="PASS" starttime="20231119 12:40:36.639" endtime="20231119 12:40:36.656"/>
</kw>
<kw name="Login Page Should Be Open" library="resource">
<kw name="Title Should Be" library="SeleniumLibrary">
<arg>Login</arg>
<doc>Verifies that the current page title equals ``title``.</doc>
<msg timestamp="20231119 12:40:36.662" level="INFO">Page title is 'Login'.</msg>
<status status="PASS" starttime="20231119 12:40:36.657" endtime="20231119 12:40:36.662"/>
</kw>
<status status="PASS" starttime="20231119 12:40:36.656" endtime="20231119 12:40:36.662"/>
</kw>
<status status="PASS" starttime="20231119 12:40:36.627" endtime="20231119 12:40:36.663"/>
</kw>
<kw name="Set Username">
<arg>batman</arg>
<kw name="Input Text" library="SeleniumLibrary">
<arg>username</arg>
<arg>${username}</arg>
<doc>Types the given ``text`` into the text field identified by ``locator``.</doc>
<msg timestamp="20231119 12:40:36.664" level="INFO">Typing text 'batman' into text field 'username'.</msg>
<status status="PASS" starttime="20231119 12:40:36.663" endtime="20231119 12:40:36.756"/>
</kw>
<status status="PASS" starttime="20231119 12:40:36.663" endtime="20231119 12:40:36.756"/>
</kw>
<kw name="Set Password">
<arg>robin123</arg>
<kw name="Input Password" library="SeleniumLibrary">
<arg>password</arg>
<arg>${password}</arg>
<doc>Types the given password into the text field identified by ``locator``.</doc>
<msg timestamp="20231119 12:40:36.758" level="INFO">Typing password into text field 'password'.</msg>
<msg timestamp="20231119 12:40:36.797" level="INFO">Temporally setting log level to: NONE</msg>
<msg timestamp="20231119 12:40:36.847" level="INFO">Log level changed from NONE to INFO.</msg>
<status status="PASS" starttime="20231119 12:40:36.757" endtime="20231119 12:40:36.847"/>
</kw>
<status status="PASS" starttime="20231119 12:40:36.756" endtime="20231119 12:40:36.847"/>
</kw>
<kw name="Submit Credentials">
<kw name="Click Button" library="SeleniumLibrary">
<arg>Login</arg>
<doc>Clicks the button identified by ``locator``.</doc>
<msg timestamp="20231119 12:40:36.848" level="INFO">Clicking button 'Login'.</msg>
<status status="PASS" starttime="20231119 12:40:36.848" endtime="20231119 12:40:36.926"/>
</kw>
<status status="PASS" starttime="20231119 12:40:36.847" endtime="20231119 12:40:36.926"/>
</kw>
<kw name="Login Should Fail With Message">
<arg>Invalid username or password</arg>
<kw name="Login Page Should Be Open" library="resource">
<kw name="Title Should Be" library="SeleniumLibrary">
<arg>Login</arg>
<doc>Verifies that the current page title equals ``title``.</doc>
<msg timestamp="20231119 12:40:36.932" level="INFO">Page title is 'Login'.</msg>
<status status="PASS" starttime="20231119 12:40:36.927" endtime="20231119 12:40:36.932"/>
</kw>
<status status="PASS" starttime="20231119 12:40:36.927" endtime="20231119 12:40:36.932"/>
</kw>
<kw name="Page Should Contain" library="SeleniumLibrary">
<arg>${message}</arg>
<doc>Verifies that current page contains ``text``.</doc>
<msg timestamp="20231119 12:40:36.949" level="INFO">Current page contains text 'Invalid username or password'.</msg>
<status status="PASS" starttime="20231119 12:40:36.932" endtime="20231119 12:40:36.949"/>
</kw>
<status status="PASS" starttime="20231119 12:40:36.926" endtime="20231119 12:40:36.949"/>
</kw>
<status status="PASS" starttime="20231119 12:40:36.626" endtime="20231119 12:40:36.949"/>
</test>
<kw name="Close Browser" library="SeleniumLibrary" type="TEARDOWN">
<doc>Closes the current browser.</doc>
<status status="PASS" starttime="20231119 12:40:36.951" endtime="20231119 12:40:37.012"/>
</kw>
<status status="PASS" starttime="20231119 12:40:35.081" endtime="20231119 12:40:37.012"/>
</suite>
<suite id="s1-s3" name="Register" source="/home/mspaajan/Documents/OhTu/palautusrepositorio/viikko3/web-login/src/tests/register.robot">
<kw name="Open And Configure Browser" library="resource" type="SETUP">
<kw name="Evaluate" library="BuiltIn">
<var>${options}</var>
<arg>sys.modules['selenium.webdriver'].ChromeOptions()</arg>
<arg>sys</arg>
<doc>Evaluates the given expression in Python and returns the result.</doc>
<msg timestamp="20231119 12:40:37.022" level="INFO">${options} = &lt;selenium.webdriver.chrome.options.Options object at 0x7fc8928b9750&gt;</msg>
<status status="PASS" starttime="20231119 12:40:37.020" endtime="20231119 12:40:37.022"/>
</kw>
<kw name="Call Method" library="BuiltIn">
<arg>${options}</arg>
<arg>add_argument</arg>
<arg>--no-sandbox</arg>
<doc>Calls the named method of the given object with the provided arguments.</doc>
<status status="PASS" starttime="20231119 12:40:37.022" endtime="20231119 12:40:37.022"/>
</kw>
<kw name="Call Method" library="BuiltIn">
<arg>${options}</arg>
<arg>add_argument</arg>
<arg>--headless</arg>
<doc>Calls the named method of the given object with the provided arguments.</doc>
<status status="PASS" starttime="20231119 12:40:37.022" endtime="20231119 12:40:37.023"/>
</kw>
<kw name="Open Browser" library="SeleniumLibrary">
<arg>browser=chrome</arg>
<arg>options=${options}</arg>
<doc>Opens a new browser instance to the optional ``url``.</doc>
<msg timestamp="20231119 12:40:37.024" level="INFO">Opening browser 'chrome' to base url 'None'.</msg>
<status status="PASS" starttime="20231119 12:40:37.023" endtime="20231119 12:40:37.836"/>
</kw>
<kw name="Set Selenium Speed" library="SeleniumLibrary">
<arg>${DELAY}</arg>
<doc>Sets the delay that is waited after each Selenium command.</doc>
<status status="PASS" starttime="20231119 12:40:37.836" endtime="20231119 12:40:37.836"/>
</kw>
<status status="PASS" starttime="20231119 12:40:37.019" endtime="20231119 12:40:37.836"/>
</kw>
<test id="s1-s3-t1" name="Register With Valid Username And Password" line="8">
<kw name="Go To Register Page" library="resource" type="SETUP">
<kw name="Go To" library="SeleniumLibrary">
<arg>${REGISTER_URL}</arg>
<doc>Navigates the current browser window to the provided ``url``.</doc>
<msg timestamp="20231119 12:40:37.838" level="INFO">Opening url 'http://localhost:5001/register'</msg>
<status status="PASS" starttime="20231119 12:40:37.838" endtime="20231119 12:40:37.894"/>
</kw>
<status status="PASS" starttime="20231119 12:40:37.837" endtime="20231119 12:40:37.894"/>
</kw>
<kw name="Set Username">
<arg>batman</arg>
<kw name="Input Text" library="SeleniumLibrary">
<arg>username</arg>
<arg>${username}</arg>
<doc>Types the given ``text`` into the text field identified by ``locator``.</doc>
<msg timestamp="20231119 12:40:37.896" level="INFO">Typing text 'batman' into text field 'username'.</msg>
<status status="PASS" starttime="20231119 12:40:37.895" endtime="20231119 12:40:38.026"/>
</kw>
<status status="PASS" starttime="20231119 12:40:37.895" endtime="20231119 12:40:38.026"/>
</kw>
<kw name="Set Password">
<arg>robin123</arg>
<kw name="Input Password" library="SeleniumLibrary">
<arg>password</arg>
<arg>${password}</arg>
<doc>Types the given password into the text field identified by ``locator``.</doc>
<msg timestamp="20231119 12:40:38.027" level="INFO">Typing password into text field 'password'.</msg>
<msg timestamp="20231119 12:40:38.073" level="INFO">Temporally setting log level to: NONE</msg>
<msg timestamp="20231119 12:40:38.125" level="INFO">Log level changed from NONE to INFO.</msg>
<status status="PASS" starttime="20231119 12:40:38.026" endtime="20231119 12:40:38.125"/>
</kw>
<status status="PASS" starttime="20231119 12:40:38.026" endtime="20231119 12:40:38.125"/>
</kw>
<kw name="Set Password Confirmation">
<arg>robin123</arg>
<kw name="Input Password" library="SeleniumLibrary">
<arg>password_confirmation</arg>
<arg>${password}</arg>
<doc>Types the given password into the text field identified by ``locator``.</doc>
<msg timestamp="20231119 12:40:38.127" level="INFO">Typing password into text field 'password_confirmation'.</msg>
<msg timestamp="20231119 12:40:38.172" level="INFO">Temporally setting log level to: NONE</msg>
<msg timestamp="20231119 12:40:38.221" level="INFO">Log level changed from NONE to INFO.</msg>
<status status="PASS" starttime="20231119 12:40:38.126" endtime="20231119 12:40:38.221"/>
</kw>
<status status="PASS" starttime="20231119 12:40:38.126" endtime="20231119 12:40:38.222"/>
</kw>
<kw name="Submit Registeration">
<kw name="Click Button" library="SeleniumLibrary">
<arg>Register</arg>
<doc>Clicks the button identified by ``locator``.</doc>
<msg timestamp="20231119 12:40:38.223" level="INFO">Clicking button 'Register'.</msg>
<status status="PASS" starttime="20231119 12:40:38.222" endtime="20231119 12:40:38.318"/>
</kw>
<status status="PASS" starttime="20231119 12:40:38.222" endtime="20231119 12:40:38.318"/>
</kw>
<kw name="Register Should Succeed">
<kw name="Welcome Page Should Be Open" library="resource">
<kw name="Title Should Be" library="SeleniumLibrary">
<arg>Welcome to Ohtu Application!</arg>
<doc>Verifies that the current page title equals ``title``.</doc>
<msg timestamp="20231119 12:40:38.325" level="INFO">Page title is 'Welcome to Ohtu Application!'.</msg>
<status status="PASS" starttime="20231119 12:40:38.319" endtime="20231119 12:40:38.325"/>
</kw>
<status status="PASS" starttime="20231119 12:40:38.319" endtime="20231119 12:40:38.326"/>
</kw>
<status status="PASS" starttime="20231119 12:40:38.318" endtime="20231119 12:40:38.326"/>
</kw>
<status status="PASS" starttime="20231119 12:40:37.837" endtime="20231119 12:40:38.326"/>
</test>
<test id="s1-s3-t2" name="Register With Too Short Username And Valid Password" line="15">
<kw name="Go To Register Page" library="resource" type="SETUP">
<kw name="Go To" library="SeleniumLibrary">
<arg>${REGISTER_URL}</arg>
<doc>Navigates the current browser window to the provided ``url``.</doc>
<msg timestamp="20231119 12:40:38.328" level="INFO">Opening url 'http://localhost:5001/register'</msg>
<status status="PASS" starttime="20231119 12:40:38.327" endtime="20231119 12:40:38.344"/>
</kw>
<status status="PASS" starttime="20231119 12:40:38.327" endtime="20231119 12:40:38.344"/>
</kw>
<kw name="Set Username">
<arg>ck</arg>
<kw name="Input Text" library="SeleniumLibrary">
<arg>username</arg>
<arg>${username}</arg>
<doc>Types the given ``text`` into the text field identified by ``locator``.</doc>
<msg timestamp="20231119 12:40:38.345" level="INFO">Typing text 'ck' into text field 'username'.</msg>
<status status="PASS" starttime="20231119 12:40:38.344" endtime="20231119 12:40:38.432"/>
</kw>
<status status="PASS" starttime="20231119 12:40:38.344" endtime="20231119 12:40:38.432"/>
</kw>
<kw name="Set Password">
<arg>kryptonite123</arg>
<kw name="Input Password" library="SeleniumLibrary">
<arg>password</arg>
<arg>${password}</arg>
<doc>Types the given password into the text field identified by ``locator``.</doc>
<msg timestamp="20231119 12:40:38.434" level="INFO">Typing password into text field 'password'.</msg>
<msg timestamp="20231119 12:40:38.473" level="INFO">Temporally setting log level to: NONE</msg>
<msg timestamp="20231119 12:40:38.524" level="INFO">Log level changed from NONE to INFO.</msg>
<status status="PASS" starttime="20231119 12:40:38.433" endtime="20231119 12:40:38.524"/>
</kw>
<status status="PASS" starttime="20231119 12:40:38.432" endtime="20231119 12:40:38.525"/>
</kw>
<kw name="Set Password Confirmation">
<arg>kryptonite123</arg>
<kw name="Input Password" library="SeleniumLibrary">
<arg>password_confirmation</arg>
<arg>${password}</arg>
<doc>Types the given password into the text field identified by ``locator``.</doc>
<msg timestamp="20231119 12:40:38.526" level="INFO">Typing password into text field 'password_confirmation'.</msg>
<msg timestamp="20231119 12:40:38.582" level="INFO">Temporally setting log level to: NONE</msg>
<msg timestamp="20231119 12:40:38.634" level="INFO">Log level changed from NONE to INFO.</msg>
<status status="PASS" starttime="20231119 12:40:38.525" endtime="20231119 12:40:38.634"/>
</kw>
<status status="PASS" starttime="20231119 12:40:38.525" endtime="20231119 12:40:38.635"/>
</kw>
<kw name="Submit Registeration">
<kw name="Click Button" library="SeleniumLibrary">
<arg>Register</arg>
<doc>Clicks the button identified by ``locator``.</doc>
<msg timestamp="20231119 12:40:38.637" level="INFO">Clicking button 'Register'.</msg>
<status status="PASS" starttime="20231119 12:40:38.635" endtime="20231119 12:40:38.710"/>
</kw>
<status status="PASS" starttime="20231119 12:40:38.635" endtime="20231119 12:40:38.710"/>
</kw>
<kw name="Register Should Fail With Message">
<arg>Username too short</arg>
<kw name="Register Page Should Be Open" library="resource">
<kw name="Title Should Be" library="SeleniumLibrary">
<arg>Register</arg>
<doc>Verifies that the current page title equals ``title``.</doc>
<msg timestamp="20231119 12:40:38.717" level="INFO">Page title is 'Register'.</msg>
<status status="PASS" starttime="20231119 12:40:38.711" endtime="20231119 12:40:38.717"/>
</kw>
<status status="PASS" starttime="20231119 12:40:38.711" endtime="20231119 12:40:38.717"/>
</kw>
<kw name="Page Should Contain" library="SeleniumLibrary">
<arg>${message}</arg>
<doc>Verifies that current page contains ``text``.</doc>
<msg timestamp="20231119 12:40:38.739" level="INFO">Current page contains text 'Username too short'.</msg>
<status status="PASS" starttime="20231119 12:40:38.717" endtime="20231119 12:40:38.739"/>
</kw>
<status status="PASS" starttime="20231119 12:40:38.710" endtime="20231119 12:40:38.739"/>
</kw>
<status status="PASS" starttime="20231119 12:40:38.326" endtime="20231119 12:40:38.739"/>
</test>
<test id="s1-s3-t3" name="Register With Valid Username And Invalid Password" line="22">
<kw name="Go To Register Page" library="resource" type="SETUP">
<kw name="Go To" library="SeleniumLibrary">
<arg>${REGISTER_URL}</arg>
<doc>Navigates the current browser window to the provided ``url``.</doc>
<msg timestamp="20231119 12:40:38.741" level="INFO">Opening url 'http://localhost:5001/register'</msg>
<status status="PASS" starttime="20231119 12:40:38.741" endtime="20231119 12:40:38.759"/>
</kw>
<status status="PASS" starttime="20231119 12:40:38.741" endtime="20231119 12:40:38.759"/>
</kw>
<kw name="Set Username">
<arg>superman</arg>
<kw name="Input Text" library="SeleniumLibrary">
<arg>username</arg>
<arg>${username}</arg>
<doc>Types the given ``text`` into the text field identified by ``locator``.</doc>
<msg timestamp="20231119 12:40:38.761" level="INFO">Typing text 'superman' into text field 'username'.</msg>
<status status="PASS" starttime="20231119 12:40:38.760" endtime="20231119 12:40:38.855"/>
</kw>
<status status="PASS" starttime="20231119 12:40:38.760" endtime="20231119 12:40:38.855"/>
</kw>
<kw name="Set Password">
<arg>loislane</arg>
<kw name="Input Password" library="SeleniumLibrary">
<arg>password</arg>
<arg>${password}</arg>
<doc>Types the given password into the text field identified by ``locator``.</doc>
<msg timestamp="20231119 12:40:38.857" level="INFO">Typing password into text field 'password'.</msg>
<msg timestamp="20231119 12:40:38.898" level="INFO">Temporally setting log level to: NONE</msg>
<msg timestamp="20231119 12:40:38.947" level="INFO">Log level changed from NONE to INFO.</msg>
<status status="PASS" starttime="20231119 12:40:38.856" endtime="20231119 12:40:38.947"/>
</kw>
<status status="PASS" starttime="20231119 12:40:38.856" endtime="20231119 12:40:38.947"/>
</kw>
<kw name="Set Password Confirmation">
<arg>loislane</arg>
<kw name="Input Password" library="SeleniumLibrary">
<arg>password_confirmation</arg>
<arg>${password}</arg>
<doc>Types the given password into the text field identified by ``locator``.</doc>
<msg timestamp="20231119 12:40:38.949" level="INFO">Typing password into text field 'password_confirmation'.</msg>
<msg timestamp="20231119 12:40:38.989" level="INFO">Temporally setting log level to: NONE</msg>
<msg timestamp="20231119 12:40:39.039" level="INFO">Log level changed from NONE to INFO.</msg>
<status status="PASS" starttime="20231119 12:40:38.948" endtime="20231119 12:40:39.040"/>
</kw>
<status status="PASS" starttime="20231119 12:40:38.948" endtime="20231119 12:40:39.040"/>
</kw>
<kw name="Submit Registeration">
<kw name="Click Button" library="SeleniumLibrary">
<arg>Register</arg>
<doc>Clicks the button identified by ``locator``.</doc>
<msg timestamp="20231119 12:40:39.041" level="INFO">Clicking button 'Register'.</msg>
<status status="PASS" starttime="20231119 12:40:39.040" endtime="20231119 12:40:39.116"/>
</kw>
<status status="PASS" starttime="20231119 12:40:39.040" endtime="20231119 12:40:39.116"/>
</kw>
<kw name="Register Should Fail With Message">
<arg>Invalid password</arg>
<kw name="Register Page Should Be Open" library="resource">
<kw name="Title Should Be" library="SeleniumLibrary">
<arg>Register</arg>
<doc>Verifies that the current page title equals ``title``.</doc>
<msg timestamp="20231119 12:40:39.123" level="INFO">Page title is 'Register'.</msg>
<status status="PASS" starttime="20231119 12:40:39.117" endtime="20231119 12:40:39.123"/>
</kw>
<status status="PASS" starttime="20231119 12:40:39.117" endtime="20231119 12:40:39.124"/>
</kw>
<kw name="Page Should Contain" library="SeleniumLibrary">
<arg>${message}</arg>
<doc>Verifies that current page contains ``text``.</doc>
<msg timestamp="20231119 12:40:39.145" level="INFO">Current page contains text 'Invalid password'.</msg>
<status status="PASS" starttime="20231119 12:40:39.124" endtime="20231119 12:40:39.145"/>
</kw>
<status status="PASS" starttime="20231119 12:40:39.117" endtime="20231119 12:40:39.146"/>
</kw>
<status status="PASS" starttime="20231119 12:40:38.740" endtime="20231119 12:40:39.146"/>
</test>
<test id="s1-s3-t4" name="Register With Nonmatching Password And Password Confirmation" line="30">
<kw name="Go To Register Page" library="resource" type="SETUP">
<kw name="Go To" library="SeleniumLibrary">
<arg>${REGISTER_URL}</arg>
<doc>Navigates the current browser window to the provided ``url``.</doc>
<msg timestamp="20231119 12:40:39.148" level="INFO">Opening url 'http://localhost:5001/register'</msg>
<status status="PASS" starttime="20231119 12:40:39.148" endtime="20231119 12:40:39.165"/>
</kw>
<status status="PASS" starttime="20231119 12:40:39.147" endtime="20231119 12:40:39.165"/>
</kw>
<kw name="Set Username">
<arg>wonderwoman</arg>
<kw name="Input Text" library="SeleniumLibrary">
<arg>username</arg>
<arg>${username}</arg>
<doc>Types the given ``text`` into the text field identified by ``locator``.</doc>
<msg timestamp="20231119 12:40:39.167" level="INFO">Typing text 'wonderwoman' into text field 'username'.</msg>
<status status="PASS" starttime="20231119 12:40:39.166" endtime="20231119 12:40:39.262"/>
</kw>
<status status="PASS" starttime="20231119 12:40:39.165" endtime="20231119 12:40:39.262"/>
</kw>
<kw name="Set Password">
<arg>amazon123</arg>
<kw name="Input Password" library="SeleniumLibrary">
<arg>password</arg>
<arg>${password}</arg>
<doc>Types the given password into the text field identified by ``locator``.</doc>
<msg timestamp="20231119 12:40:39.263" level="INFO">Typing password into text field 'password'.</msg>
<msg timestamp="20231119 12:40:39.305" level="INFO">Temporally setting log level to: NONE</msg>
<msg timestamp="20231119 12:40:39.356" level="INFO">Log level changed from NONE to INFO.</msg>
<status status="PASS" starttime="20231119 12:40:39.263" endtime="20231119 12:40:39.356"/>
</kw>
<status status="PASS" starttime="20231119 12:40:39.262" endtime="20231119 12:40:39.356"/>
</kw>
<kw name="Set Password Confirmation">
<arg>amazon321</arg>
<kw name="Input Password" library="SeleniumLibrary">
<arg>password_confirmation</arg>
<arg>${password}</arg>
<doc>Types the given password into the text field identified by ``locator``.</doc>
<msg timestamp="20231119 12:40:39.358" level="INFO">Typing password into text field 'password_confirmation'.</msg>
<msg timestamp="20231119 12:40:39.396" level="INFO">Temporally setting log level to: NONE</msg>
<msg timestamp="20231119 12:40:39.447" level="INFO">Log level changed from NONE to INFO.</msg>
<status status="PASS" starttime="20231119 12:40:39.357" endtime="20231119 12:40:39.447"/>
</kw>
<status status="PASS" starttime="20231119 12:40:39.356" endtime="20231119 12:40:39.447"/>
</kw>
<kw name="Submit Registeration">
<kw name="Click Button" library="SeleniumLibrary">
<arg>Register</arg>
<doc>Clicks the button identified by ``locator``.</doc>
<msg timestamp="20231119 12:40:39.448" level="INFO">Clicking button 'Register'.</msg>
<status status="PASS" starttime="20231119 12:40:39.448" endtime="20231119 12:40:39.525"/>
</kw>
<status status="PASS" starttime="20231119 12:40:39.447" endtime="20231119 12:40:39.525"/>
</kw>
<kw name="Register Should Fail With Message">
<arg>Password confirmation didn't match password</arg>
<kw name="Register Page Should Be Open" library="resource">
<kw name="Title Should Be" library="SeleniumLibrary">
<arg>Register</arg>
<doc>Verifies that the current page title equals ``title``.</doc>
<msg timestamp="20231119 12:40:39.532" level="INFO">Page title is 'Register'.</msg>
<status status="PASS" starttime="20231119 12:40:39.527" endtime="20231119 12:40:39.533"/>
</kw>
<status status="PASS" starttime="20231119 12:40:39.526" endtime="20231119 12:40:39.533"/>
</kw>
<kw name="Page Should Contain" library="SeleniumLibrary">
<arg>${message}</arg>
<doc>Verifies that current page contains ``text``.</doc>
<msg timestamp="20231119 12:40:39.552" level="INFO">Current page contains text 'Password confirmation didn't match password'.</msg>
<status status="PASS" starttime="20231119 12:40:39.533" endtime="20231119 12:40:39.553"/>
</kw>
<status status="PASS" starttime="20231119 12:40:39.525" endtime="20231119 12:40:39.553"/>
</kw>
<status status="PASS" starttime="20231119 12:40:39.146" endtime="20231119 12:40:39.553"/>
</test>
<kw name="Close Browser" library="SeleniumLibrary" type="TEARDOWN">
<doc>Closes the current browser.</doc>
<status status="PASS" starttime="20231119 12:40:39.554" endtime="20231119 12:40:39.614"/>
</kw>
<status status="PASS" starttime="20231119 12:40:37.014" endtime="20231119 12:40:39.614"/>
</suite>
<status status="PASS" starttime="20231119 12:40:33.689" endtime="20231119 12:40:39.616"/>
</suite>
<statistics>
<total>
<stat pass="10" fail="0" skip="0">All Tests</stat>
</total>
<tag>
</tag>
<suite>
<stat pass="10" fail="0" skip="0" id="s1" name="Tests">Tests</stat>
<stat pass="3" fail="0" skip="0" id="s1-s1" name="Home">Tests.Home</stat>
<stat pass="3" fail="0" skip="0" id="s1-s2" name="Login">Tests.Login</stat>
<stat pass="4" fail="0" skip="0" id="s1-s3" name="Register">Tests.Register</stat>
</suite>
</statistics>
<errors>
</errors>
</robot>
