<?xml version="1.0" encoding="UTF-8"?>
<robot generator="Robot 6.1.1 (Python 3.10.12 on linux)" generated="20231119 12:58:00.900" rpa="false" schemaversion="4">
<suite id="s1" name="Tests" source="/home/mspaajan/Documents/OhTu/palautusrepositorio/viikko3/web-login/src/tests">
<suite id="s1-s1" name="Home" source="/home/mspaajan/Documents/OhTu/palautusrepositorio/viikko3/web-login/src/tests/home.robot">
<kw name="Open And Configure Browser" library="resource" type="SETUP">
<kw name="Evaluate" library="BuiltIn">
<var>${options}</var>
<arg>sys.modules['selenium.webdriver'].ChromeOptions()</arg>
<arg>sys</arg>
<doc>Evaluates the given expression in Python and returns the result.</doc>
<msg timestamp="20231119 12:58:01.133" level="INFO">${options} = &lt;selenium.webdriver.chrome.options.Options object at 0x7ffa987794b0&gt;</msg>
<status status="PASS" starttime="20231119 12:58:01.133" endtime="20231119 12:58:01.133"/>
</kw>
<kw name="Call Method" library="BuiltIn">
<arg>${options}</arg>
<arg>add_argument</arg>
<arg>--no-sandbox</arg>
<doc>Calls the named method of the given object with the provided arguments.</doc>
<status status="PASS" starttime="20231119 12:58:01.133" endtime="20231119 12:58:01.134"/>
</kw>
<kw name="Call Method" library="BuiltIn">
<arg>${options}</arg>
<arg>add_argument</arg>
<arg>--headless</arg>
<doc>Calls the named method of the given object with the provided arguments.</doc>
<status status="PASS" starttime="20231119 12:58:01.134" endtime="20231119 12:58:01.134"/>
</kw>
<kw name="Open Browser" library="SeleniumLibrary">
<arg>browser=chrome</arg>
<arg>options=${options}</arg>
<doc>Opens a new browser instance to the optional ``url``.</doc>
<msg timestamp="20231119 12:58:01.135" level="INFO">Opening browser 'chrome' to base url 'None'.</msg>
<status status="PASS" starttime="20231119 12:58:01.134" endtime="20231119 12:58:02.014"/>
</kw>
<kw name="Set Selenium Speed" library="SeleniumLibrary">
<arg>${DELAY}</arg>
<doc>Sets the delay that is waited after each Selenium command.</doc>
<status status="PASS" starttime="20231119 12:58:02.014" endtime="20231119 12:58:02.015"/>
</kw>
<status status="PASS" starttime="20231119 12:58:01.132" endtime="20231119 12:58:02.015"/>
</kw>
<test id="s1-s1-t1" name="Click Login Link" line="8">
<kw name="Go To Starting Page" library="resource" type="SETUP">
<kw name="Go To" library="SeleniumLibrary">
<arg>${HOME_URL}</arg>
<doc>Navigates the current browser window to the provided ``url``.</doc>
<msg timestamp="20231119 12:58:02.017" level="INFO">Opening url 'http://localhost:5001'</msg>
<status status="PASS" starttime="20231119 12:58:02.016" endtime="20231119 12:58:02.066"/>
</kw>
<status status="PASS" starttime="20231119 12:58:02.016" endtime="20231119 12:58:02.066"/>
</kw>
<kw name="Click Link" library="SeleniumLibrary">
<arg>Login</arg>
<doc>Clicks a link identified by ``locator``.</doc>
<msg timestamp="20231119 12:58:02.067" level="INFO">Clicking link 'Login'.</msg>
<status status="PASS" starttime="20231119 12:58:02.066" endtime="20231119 12:58:02.156"/>
</kw>
<kw name="Login Page Should Be Open" library="resource">
<kw name="Title Should Be" library="SeleniumLibrary">
<arg>Login</arg>
<doc>Verifies that the current page title equals ``title``.</doc>
<msg timestamp="20231119 12:58:02.164" level="INFO">Page title is 'Login'.</msg>
<status status="PASS" starttime="20231119 12:58:02.157" endtime="20231119 12:58:02.164"/>
</kw>
<status status="PASS" starttime="20231119 12:58:02.156" endtime="20231119 12:58:02.164"/>
</kw>
<status status="PASS" starttime="20231119 12:58:02.015" endtime="20231119 12:58:02.164"/>
</test>
<test id="s1-s1-t2" name="Click Register Link" line="12">
<kw name="Go To Starting Page" library="resource" type="SETUP">
<kw name="Go To" library="SeleniumLibrary">
<arg>${HOME_URL}</arg>
<doc>Navigates the current browser window to the provided ``url``.</doc>
<msg timestamp="20231119 12:58:02.167" level="INFO">Opening url 'http://localhost:5001'</msg>
<status status="PASS" starttime="20231119 12:58:02.166" endtime="20231119 12:58:02.181"/>
</kw>
<status status="PASS" starttime="20231119 12:58:02.166" endtime="20231119 12:58:02.181"/>
</kw>
<kw name="Click Link" library="SeleniumLibrary">
<arg>Register new user</arg>
<doc>Clicks a link identified by ``locator``.</doc>
<msg timestamp="20231119 12:58:02.182" level="INFO">Clicking link 'Register new user'.</msg>
<status status="PASS" starttime="20231119 12:58:02.182" endtime="20231119 12:58:02.255"/>
</kw>
<kw name="Register Page Should Be Open" library="resource">
<kw name="Title Should Be" library="SeleniumLibrary">
<arg>Register</arg>
<doc>Verifies that the current page title equals ``title``.</doc>
<msg timestamp="20231119 12:58:02.262" level="INFO">Page title is 'Register'.</msg>
<status status="PASS" starttime="20231119 12:58:02.256" endtime="20231119 12:58:02.262"/>
</kw>
<status status="PASS" starttime="20231119 12:58:02.256" endtime="20231119 12:58:02.262"/>
</kw>
<status status="PASS" starttime="20231119 12:58:02.165" endtime="20231119 12:58:02.263"/>
</test>
<test id="s1-s1-t3" name="Go To Starting Page" line="16">
<kw name="Go To Starting Page" library="resource" type="SETUP">
<kw name="Go To" library="SeleniumLibrary">
<arg>${HOME_URL}</arg>
<doc>Navigates the current browser window to the provided ``url``.</doc>
<msg timestamp="20231119 12:58:02.265" level="INFO">Opening url 'http://localhost:5001'</msg>
<status status="PASS" starttime="20231119 12:58:02.264" endtime="20231119 12:58:02.280"/>
</kw>
<status status="PASS" starttime="20231119 12:58:02.264" endtime="20231119 12:58:02.281"/>
</kw>
<kw name="Go To Starting Page" library="resource">
<kw name="Go To" library="SeleniumLibrary">
<arg>${HOME_URL}</arg>
<doc>Navigates the current browser window to the provided ``url``.</doc>
<msg timestamp="20231119 12:58:02.281" level="INFO">Opening url 'http://localhost:5001'</msg>
<status status="PASS" starttime="20231119 12:58:02.281" endtime="20231119 12:58:02.296"/>
</kw>
<status status="PASS" starttime="20231119 12:58:02.281" endtime="20231119 12:58:02.296"/>
</kw>
<kw name="Starting Page Should Be Open" library="resource">
<kw name="Title Should Be" library="SeleniumLibrary">
<arg>Ohtu Application</arg>
<doc>Verifies that the current page title equals ``title``.</doc>
<msg timestamp="20231119 12:58:02.301" level="INFO">Page title is 'Ohtu Application'.</msg>
<status status="PASS" starttime="20231119 12:58:02.297" endtime="20231119 12:58:02.301"/>
</kw>
<status status="PASS" starttime="20231119 12:58:02.296" endtime="20231119 12:58:02.301"/>
</kw>
<status status="PASS" starttime="20231119 12:58:02.263" endtime="20231119 12:58:02.302"/>
</test>
<kw name="Close Browser" library="SeleniumLibrary" type="TEARDOWN">
<doc>Closes the current browser.</doc>
<status status="PASS" starttime="20231119 12:58:02.303" endtime="20231119 12:58:02.361"/>
</kw>
<status status="PASS" starttime="20231119 12:58:00.925" endtime="20231119 12:58:02.361"/>
</suite>
<suite id="s1-s2" name="Login" source="/home/mspaajan/Documents/OhTu/palautusrepositorio/viikko3/web-login/src/tests/login.robot">
<kw name="Open And Configure Browser" library="resource" type="SETUP">
<kw name="Evaluate" library="BuiltIn">
<var>${options}</var>
<arg>sys.modules['selenium.webdriver'].ChromeOptions()</arg>
<arg>sys</arg>
<doc>Evaluates the given expression in Python and returns the result.</doc>
<msg timestamp="20231119 12:58:02.371" level="INFO">${options} = &lt;selenium.webdriver.chrome.options.Options object at 0x7ffa98779a50&gt;</msg>
<status status="PASS" starttime="20231119 12:58:02.370" endtime="20231119 12:58:02.371"/>
</kw>
<kw name="Call Method" library="BuiltIn">
<arg>${options}</arg>
<arg>add_argument</arg>
<arg>--no-sandbox</arg>
<doc>Calls the named method of the given object with the provided arguments.</doc>
<status status="PASS" starttime="20231119 12:58:02.371" endtime="20231119 12:58:02.371"/>
</kw>
<kw name="Call Method" library="BuiltIn">
<arg>${options}</arg>
<arg>add_argument</arg>
<arg>--headless</arg>
<doc>Calls the named method of the given object with the provided arguments.</doc>
<status status="PASS" starttime="20231119 12:58:02.372" endtime="20231119 12:58:02.372"/>
</kw>
<kw name="Open Browser" library="SeleniumLibrary">
<arg>browser=chrome</arg>
<arg>options=${options}</arg>
<doc>Opens a new browser instance to the optional ``url``.</doc>
<msg timestamp="20231119 12:58:02.373" level="INFO">Opening browser 'chrome' to base url 'None'.</msg>
<status status="PASS" starttime="20231119 12:58:02.372" endtime="20231119 12:58:03.164"/>
</kw>
<kw name="Set Selenium Speed" library="SeleniumLibrary">
<arg>${DELAY}</arg>
<doc>Sets the delay that is waited after each Selenium command.</doc>
<status status="PASS" starttime="20231119 12:58:03.165" endtime="20231119 12:58:03.165"/>
</kw>
<status status="PASS" starttime="20231119 12:58:02.369" endtime="20231119 12:58:03.165"/>
</kw>
<test id="s1-s2-t1" name="Login With Correct Credentials" line="8">
<kw name="Create User And Go To Login Page" type="SETUP">
<kw name="Create User" library="AppLibrary">
<arg>kalle</arg>
<arg>kalle123</arg>
<status status="PASS" starttime="20231119 12:58:03.166" endtime="20231119 12:58:03.176"/>
</kw>
<kw name="Go To Login Page" library="resource">
<kw name="Go To" library="SeleniumLibrary">
<arg>${LOGIN_URL}</arg>
<doc>Navigates the current browser window to the provided ``url``.</doc>
<msg timestamp="20231119 12:58:03.176" level="INFO">Opening url 'http://localhost:5001/login'</msg>
<status status="PASS" starttime="20231119 12:58:03.176" endtime="20231119 12:58:03.230"/>
</kw>
<status status="PASS" starttime="20231119 12:58:03.176" endtime="20231119 12:58:03.230"/>
</kw>
<kw name="Login Page Should Be Open" library="resource">
<kw name="Title Should Be" library="SeleniumLibrary">
<arg>Login</arg>
<doc>Verifies that the current page title equals ``title``.</doc>
<msg timestamp="20231119 12:58:03.236" level="INFO">Page title is 'Login'.</msg>
<status status="PASS" starttime="20231119 12:58:03.231" endtime="20231119 12:58:03.237"/>
</kw>
<status status="PASS" starttime="20231119 12:58:03.230" endtime="20231119 12:58:03.237"/>
</kw>
<status status="PASS" starttime="20231119 12:58:03.166" endtime="20231119 12:58:03.237"/>
</kw>
<kw name="Set Username">
<arg>kalle</arg>
<kw name="Input Text" library="SeleniumLibrary">
<arg>username</arg>
<arg>${username}</arg>
<doc>Types the given ``text`` into the text field identified by ``locator``.</doc>
<msg timestamp="20231119 12:58:03.238" level="INFO">Typing text 'kalle' into text field 'username'.</msg>
<status status="PASS" starttime="20231119 12:58:03.237" endtime="20231119 12:58:03.363"/>
</kw>
<status status="PASS" starttime="20231119 12:58:03.237" endtime="20231119 12:58:03.363"/>
</kw>
<kw name="Set Password">
<arg>kalle123</arg>
<kw name="Input Password" library="SeleniumLibrary">
<arg>password</arg>
<arg>${password}</arg>
<doc>Types the given password into the text field identified by ``locator``.</doc>
<msg timestamp="20231119 12:58:03.364" level="INFO">Typing password into text field 'password'.</msg>
<msg timestamp="20231119 12:58:03.411" level="INFO">Temporally setting log level to: NONE</msg>
<msg timestamp="20231119 12:58:03.462" level="INFO">Log level changed from NONE to INFO.</msg>
<status status="PASS" starttime="20231119 12:58:03.364" endtime="20231119 12:58:03.463"/>
</kw>
<status status="PASS" starttime="20231119 12:58:03.363" endtime="20231119 12:58:03.463"/>
</kw>
<kw name="Submit Credentials">
<kw name="Click Button" library="SeleniumLibrary">
<arg>Login</arg>
<doc>Clicks the button identified by ``locator``.</doc>
<msg timestamp="20231119 12:58:03.464" level="INFO">Clicking button 'Login'.</msg>
<status status="PASS" starttime="20231119 12:58:03.463" endtime="20231119 12:58:03.558"/>
</kw>
<status status="PASS" starttime="20231119 12:58:03.463" endtime="20231119 12:58:03.558"/>
</kw>
<kw name="Login Should Succeed">
<kw name="Main Page Should Be Open" library="resource">
<kw name="Title Should Be" library="SeleniumLibrary">
<arg>Ohtu Application main page</arg>
<doc>Verifies that the current page title equals ``title``.</doc>
<msg timestamp="20231119 12:58:03.565" level="INFO">Page title is 'Ohtu Application main page'.</msg>
<status status="PASS" starttime="20231119 12:58:03.559" endtime="20231119 12:58:03.565"/>
</kw>
<status status="PASS" starttime="20231119 12:58:03.559" endtime="20231119 12:58:03.565"/>
</kw>
<status status="PASS" starttime="20231119 12:58:03.558" endtime="20231119 12:58:03.565"/>
</kw>
<status status="PASS" starttime="20231119 12:58:03.165" endtime="20231119 12:58:03.565"/>
</test>
<test id="s1-s2-t2" name="Login With Incorrect Password" line="14">
<kw name="Create User And Go To Login Page" type="SETUP">
<kw name="Create User" library="AppLibrary">
<arg>kalle</arg>
<arg>kalle123</arg>
<status status="PASS" starttime="20231119 12:58:03.567" endtime="20231119 12:58:03.579"/>
</kw>
<kw name="Go To Login Page" library="resource">
<kw name="Go To" library="SeleniumLibrary">
<arg>${LOGIN_URL}</arg>
<doc>Navigates the current browser window to the provided ``url``.</doc>
<msg timestamp="20231119 12:58:03.581" level="INFO">Opening url 'http://localhost:5001/login'</msg>
<status status="PASS" starttime="20231119 12:58:03.580" endtime="20231119 12:58:03.596"/>
</kw>
<status status="PASS" starttime="20231119 12:58:03.580" endtime="20231119 12:58:03.596"/>
</kw>
<kw name="Login Page Should Be Open" library="resource">
<kw name="Title Should Be" library="SeleniumLibrary">
<arg>Login</arg>
<doc>Verifies that the current page title equals ``title``.</doc>
<msg timestamp="20231119 12:58:03.601" level="INFO">Page title is 'Login'.</msg>
<status status="PASS" starttime="20231119 12:58:03.596" endtime="20231119 12:58:03.601"/>
</kw>
<status status="PASS" starttime="20231119 12:58:03.596" endtime="20231119 12:58:03.601"/>
</kw>
<status status="PASS" starttime="20231119 12:58:03.566" endtime="20231119 12:58:03.601"/>
</kw>
<kw name="Set Username">
<arg>kalle</arg>
<kw name="Input Text" library="SeleniumLibrary">
<arg>username</arg>
<arg>${username}</arg>
<doc>Types the given ``text`` into the text field identified by ``locator``.</doc>
<msg timestamp="20231119 12:58:03.602" level="INFO">Typing text 'kalle' into text field 'username'.</msg>
<status status="PASS" starttime="20231119 12:58:03.602" endtime="20231119 12:58:03.691"/>
</kw>
<status status="PASS" starttime="20231119 12:58:03.601" endtime="20231119 12:58:03.691"/>
</kw>
<kw name="Set Password">
<arg>kalle456</arg>
<kw name="Input Password" library="SeleniumLibrary">
<arg>password</arg>
<arg>${password}</arg>
<doc>Types the given password into the text field identified by ``locator``.</doc>
<msg timestamp="20231119 12:58:03.692" level="INFO">Typing password into text field 'password'.</msg>
<msg timestamp="20231119 12:58:03.731" level="INFO">Temporally setting log level to: NONE</msg>
<msg timestamp="20231119 12:58:03.781" level="INFO">Log level changed from NONE to INFO.</msg>
<status status="PASS" starttime="20231119 12:58:03.692" endtime="20231119 12:58:03.781"/>
</kw>
<status status="PASS" starttime="20231119 12:58:03.691" endtime="20231119 12:58:03.781"/>
</kw>
<kw name="Submit Credentials">
<kw name="Click Button" library="SeleniumLibrary">
<arg>Login</arg>
<doc>Clicks the button identified by ``locator``.</doc>
<msg timestamp="20231119 12:58:03.783" level="INFO">Clicking button 'Login'.</msg>
<status status="PASS" starttime="20231119 12:58:03.782" endtime="20231119 12:58:03.855"/>
</kw>
<status status="PASS" starttime="20231119 12:58:03.782" endtime="20231119 12:58:03.855"/>
</kw>
<kw name="Login Should Fail With Message">
<arg>Invalid username or password</arg>
<kw name="Login Page Should Be Open" library="resource">
<kw name="Title Should Be" library="SeleniumLibrary">
<arg>Login</arg>
<doc>Verifies that the current page title equals ``title``.</doc>
<msg timestamp="20231119 12:58:03.861" level="INFO">Page title is 'Login'.</msg>
<status status="PASS" starttime="20231119 12:58:03.856" endtime="20231119 12:58:03.861"/>
</kw>
<status status="PASS" starttime="20231119 12:58:03.856" endtime="20231119 12:58:03.861"/>
</kw>
<kw name="Page Should Contain" library="SeleniumLibrary">
<arg>${message}</arg>
<doc>Verifies that current page contains ``text``.</doc>
<msg timestamp="20231119 12:58:03.881" level="INFO">Current page contains text 'Invalid username or password'.</msg>
<status status="PASS" starttime="20231119 12:58:03.861" endtime="20231119 12:58:03.881"/>
</kw>
<status status="PASS" starttime="20231119 12:58:03.855" endtime="20231119 12:58:03.881"/>
</kw>
<status status="PASS" starttime="20231119 12:58:03.566" endtime="20231119 12:58:03.882"/>
</test>
<test id="s1-s2-t3" name="Login With Nonexistent Username" line="20">
<kw name="Create User And Go To Login Page" type="SETUP">
<kw name="Create User" library="AppLibrary">
<arg>kalle</arg>
<arg>kalle123</arg>
<status status="PASS" starttime="20231119 12:58:03.883" endtime="20231119 12:58:03.895"/>
</kw>
<kw name="Go To Login Page" library="resource">
<kw name="Go To" library="SeleniumLibrary">
<arg>${LOGIN_URL}</arg>
<doc>Navigates the current browser window to the provided ``url``.</doc>
<msg timestamp="20231119 12:58:03.896" level="INFO">Opening url 'http://localhost:5001/login'</msg>
<status status="PASS" starttime="20231119 12:58:03.896" endtime="20231119 12:58:03.912"/>
</kw>
<status status="PASS" starttime="20231119 12:58:03.895" endtime="20231119 12:58:03.913"/>
</kw>
<kw name="Login Page Should Be Open" library="resource">
<kw name="Title Should Be" library="SeleniumLibrary">
<arg>Login</arg>
<doc>Verifies that the current page title equals ``title``.</doc>
<msg timestamp="20231119 12:58:03.918" level="INFO">Page title is 'Login'.</msg>
<status status="PASS" starttime="20231119 12:58:03.913" endtime="20231119 12:58:03.918"/>
</kw>
<status status="PASS" starttime="20231119 12:58:03.913" endtime="20231119 12:58:03.918"/>
</kw>
<status status="PASS" starttime="20231119 12:58:03.883" endtime="20231119 12:58:03.918"/>
</kw>
<kw name="Set Username">
<arg>batman</arg>
<kw name="Input Text" library="SeleniumLibrary">
<arg>username</arg>
<arg>${username}</arg>
<doc>Types the given ``text`` into the text field identified by ``locator``.</doc>
<msg timestamp="20231119 12:58:03.920" level="INFO">Typing text 'batman' into text field 'username'.</msg>
<status status="PASS" starttime="20231119 12:58:03.919" endtime="20231119 12:58:04.011"/>
</kw>
<status status="PASS" starttime="20231119 12:58:03.919" endtime="20231119 12:58:04.011"/>
</kw>
<kw name="Set Password">
<arg>robin123</arg>
<kw name="Input Password" library="SeleniumLibrary">
<arg>password</arg>
<arg>${password}</arg>
<doc>Types the given password into the text field identified by ``locator``.</doc>
<msg timestamp="20231119 12:58:04.012" level="INFO">Typing password into text field 'password'.</msg>
<msg timestamp="20231119 12:58:04.052" level="INFO">Temporally setting log level to: NONE</msg>
<msg timestamp="20231119 12:58:04.102" level="INFO">Log level changed from NONE to INFO.</msg>
<status status="PASS" starttime="20231119 12:58:04.012" endtime="20231119 12:58:04.102"/>
</kw>
<status status="PASS" starttime="20231119 12:58:04.011" endtime="20231119 12:58:04.102"/>
</kw>
<kw name="Submit Credentials">
<kw name="Click Button" library="SeleniumLibrary">
<arg>Login</arg>
<doc>Clicks the button identified by ``locator``.</doc>
<msg timestamp="20231119 12:58:04.103" level="INFO">Clicking button 'Login'.</msg>
<status status="PASS" starttime="20231119 12:58:04.103" endtime="20231119 12:58:04.174"/>
</kw>
<status status="PASS" starttime="20231119 12:58:04.102" endtime="20231119 12:58:04.174"/>
</kw>
<kw name="Login Should Fail With Message">
<arg>Invalid username or password</arg>
<kw name="Login Page Should Be Open" library="resource">
<kw name="Title Should Be" library="SeleniumLibrary">
<arg>Login</arg>
<doc>Verifies that the current page title equals ``title``.</doc>
<msg timestamp="20231119 12:58:04.180" level="INFO">Page title is 'Login'.</msg>
<status status="PASS" starttime="20231119 12:58:04.175" endtime="20231119 12:58:04.180"/>
</kw>
<status status="PASS" starttime="20231119 12:58:04.175" endtime="20231119 12:58:04.180"/>
</kw>
<kw name="Page Should Contain" library="SeleniumLibrary">
<arg>${message}</arg>
<doc>Verifies that current page contains ``text``.</doc>
<msg timestamp="20231119 12:58:04.196" level="INFO">Current page contains text 'Invalid username or password'.</msg>
<status status="PASS" starttime="20231119 12:58:04.181" endtime="20231119 12:58:04.196"/>
</kw>
<status status="PASS" starttime="20231119 12:58:04.174" endtime="20231119 12:58:04.196"/>
</kw>
<status status="PASS" starttime="20231119 12:58:03.882" endtime="20231119 12:58:04.197"/>
</test>
<kw name="Close Browser" library="SeleniumLibrary" type="TEARDOWN">
<doc>Closes the current browser.</doc>
<status status="PASS" starttime="20231119 12:58:04.197" endtime="20231119 12:58:04.258"/>
</kw>
<status status="PASS" starttime="20231119 12:58:02.363" endtime="20231119 12:58:04.258"/>
</suite>
<suite id="s1-s3" name="Register" source="/home/mspaajan/Documents/OhTu/palautusrepositorio/viikko3/web-login/src/tests/register.robot">
<kw name="Open And Configure Browser" library="resource" type="SETUP">
<kw name="Evaluate" library="BuiltIn">
<var>${options}</var>
<arg>sys.modules['selenium.webdriver'].ChromeOptions()</arg>
<arg>sys</arg>
<doc>Evaluates the given expression in Python and returns the result.</doc>
<msg timestamp="20231119 12:58:04.269" level="INFO">${options} = &lt;selenium.webdriver.chrome.options.Options object at 0x7ffa984c2ef0&gt;</msg>
<status status="PASS" starttime="20231119 12:58:04.268" endtime="20231119 12:58:04.269"/>
</kw>
<kw name="Call Method" library="BuiltIn">
<arg>${options}</arg>
<arg>add_argument</arg>
<arg>--no-sandbox</arg>
<doc>Calls the named method of the given object with the provided arguments.</doc>
<status status="PASS" starttime="20231119 12:58:04.269" endtime="20231119 12:58:04.269"/>
</kw>
<kw name="Call Method" library="BuiltIn">
<arg>${options}</arg>
<arg>add_argument</arg>
<arg>--headless</arg>
<doc>Calls the named method of the given object with the provided arguments.</doc>
<status status="PASS" starttime="20231119 12:58:04.270" endtime="20231119 12:58:04.270"/>
</kw>
<kw name="Open Browser" library="SeleniumLibrary">
<arg>browser=chrome</arg>
<arg>options=${options}</arg>
<doc>Opens a new browser instance to the optional ``url``.</doc>
<msg timestamp="20231119 12:58:04.271" level="INFO">Opening browser 'chrome' to base url 'None'.</msg>
<status status="PASS" starttime="20231119 12:58:04.270" endtime="20231119 12:58:05.067"/>
</kw>
<kw name="Set Selenium Speed" library="SeleniumLibrary">
<arg>${DELAY}</arg>
<doc>Sets the delay that is waited after each Selenium command.</doc>
<status status="PASS" starttime="20231119 12:58:05.068" endtime="20231119 12:58:05.068"/>
</kw>
<status status="PASS" starttime="20231119 12:58:04.266" endtime="20231119 12:58:05.068"/>
</kw>
<test id="s1-s3-t1" name="Register With Valid Username And Password" line="8">
<kw name="Go To Register Page" library="resource" type="SETUP">
<kw name="Go To" library="SeleniumLibrary">
<arg>${REGISTER_URL}</arg>
<doc>Navigates the current browser window to the provided ``url``.</doc>
<msg timestamp="20231119 12:58:05.070" level="INFO">Opening url 'http://localhost:5001/register'</msg>
<status status="PASS" starttime="20231119 12:58:05.069" endtime="20231119 12:58:05.128"/>
</kw>
<status status="PASS" starttime="20231119 12:58:05.069" endtime="20231119 12:58:05.128"/>
</kw>
<kw name="Register User">
<arg>batman</arg>
<arg>robin123</arg>
<arg>robin123</arg>
<kw name="Set Username">
<arg>${username}</arg>
<kw name="Input Text" library="SeleniumLibrary">
<arg>username</arg>
<arg>${username}</arg>
<doc>Types the given ``text`` into the text field identified by ``locator``.</doc>
<msg timestamp="20231119 12:58:05.130" level="INFO">Typing text 'batman' into text field 'username'.</msg>
<status status="PASS" starttime="20231119 12:58:05.129" endtime="20231119 12:58:05.267"/>
</kw>
<status status="PASS" starttime="20231119 12:58:05.129" endtime="20231119 12:58:05.267"/>
</kw>
<kw name="Set Password">
<arg>${password}</arg>
<kw name="Input Password" library="SeleniumLibrary">
<arg>password</arg>
<arg>${password}</arg>
<doc>Types the given password into the text field identified by ``locator``.</doc>
<msg timestamp="20231119 12:58:05.268" level="INFO">Typing password into text field 'password'.</msg>
<msg timestamp="20231119 12:58:05.315" level="INFO">Temporally setting log level to: NONE</msg>
<msg timestamp="20231119 12:58:05.365" level="INFO">Log level changed from NONE to INFO.</msg>
<status status="PASS" starttime="20231119 12:58:05.268" endtime="20231119 12:58:05.365"/>
</kw>
<status status="PASS" starttime="20231119 12:58:05.267" endtime="20231119 12:58:05.365"/>
</kw>
<kw name="Set Password Confirmation">
<arg>${password_confirmation}</arg>
<kw name="Input Password" library="SeleniumLibrary">
<arg>password_confirmation</arg>
<arg>${password}</arg>
<doc>Types the given password into the text field identified by ``locator``.</doc>
<msg timestamp="20231119 12:58:05.367" level="INFO">Typing password into text field 'password_confirmation'.</msg>
<msg timestamp="20231119 12:58:05.411" level="INFO">Temporally setting log level to: NONE</msg>
<msg timestamp="20231119 12:58:05.462" level="INFO">Log level changed from NONE to INFO.</msg>
<status status="PASS" starttime="20231119 12:58:05.366" endtime="20231119 12:58:05.462"/>
</kw>
<status status="PASS" starttime="20231119 12:58:05.366" endtime="20231119 12:58:05.462"/>
</kw>
<status status="PASS" starttime="20231119 12:58:05.128" endtime="20231119 12:58:05.462"/>
</kw>
<kw name="Submit Registeration">
<kw name="Click Button" library="SeleniumLibrary">
<arg>Register</arg>
<doc>Clicks the button identified by ``locator``.</doc>
<msg timestamp="20231119 12:58:05.463" level="INFO">Clicking button 'Register'.</msg>
<status status="PASS" starttime="20231119 12:58:05.463" endtime="20231119 12:58:05.556"/>
</kw>
<status status="PASS" starttime="20231119 12:58:05.462" endtime="20231119 12:58:05.556"/>
</kw>
<kw name="Register Should Succeed">
<kw name="Welcome Page Should Be Open" library="resource">
<kw name="Title Should Be" library="SeleniumLibrary">
<arg>Welcome to Ohtu Application!</arg>
<doc>Verifies that the current page title equals ``title``.</doc>
<msg timestamp="20231119 12:58:05.563" level="INFO">Page title is 'Welcome to Ohtu Application!'.</msg>
<status status="PASS" starttime="20231119 12:58:05.557" endtime="20231119 12:58:05.564"/>
</kw>
<status status="PASS" starttime="20231119 12:58:05.557" endtime="20231119 12:58:05.564"/>
</kw>
<status status="PASS" starttime="20231119 12:58:05.557" endtime="20231119 12:58:05.564"/>
</kw>
<status status="PASS" starttime="20231119 12:58:05.068" endtime="20231119 12:58:05.564"/>
</test>
<test id="s1-s3-t2" name="Register With Too Short Username And Valid Password" line="13">
<kw name="Go To Register Page" library="resource" type="SETUP">
<kw name="Go To" library="SeleniumLibrary">
<arg>${REGISTER_URL}</arg>
<doc>Navigates the current browser window to the provided ``url``.</doc>
<msg timestamp="20231119 12:58:05.566" level="INFO">Opening url 'http://localhost:5001/register'</msg>
<status status="PASS" starttime="20231119 12:58:05.566" endtime="20231119 12:58:05.582"/>
</kw>
<status status="PASS" starttime="20231119 12:58:05.565" endtime="20231119 12:58:05.582"/>
</kw>
<kw name="Register User">
<arg>ck</arg>
<arg>kryptonite123</arg>
<arg>kryptonite123</arg>
<kw name="Set Username">
<arg>${username}</arg>
<kw name="Input Text" library="SeleniumLibrary">
<arg>username</arg>
<arg>${username}</arg>
<doc>Types the given ``text`` into the text field identified by ``locator``.</doc>
<msg timestamp="20231119 12:58:05.604" level="INFO">Typing text 'ck' into text field 'username'.</msg>
<status status="PASS" starttime="20231119 12:58:05.584" endtime="20231119 12:58:05.692"/>
</kw>
<status status="PASS" starttime="20231119 12:58:05.583" endtime="20231119 12:58:05.692"/>
</kw>
<kw name="Set Password">
<arg>${password}</arg>
<kw name="Input Password" library="SeleniumLibrary">
<arg>password</arg>
<arg>${password}</arg>
<doc>Types the given password into the text field identified by ``locator``.</doc>
<msg timestamp="20231119 12:58:05.693" level="INFO">Typing password into text field 'password'.</msg>
<msg timestamp="20231119 12:58:05.734" level="INFO">Temporally setting log level to: NONE</msg>
<msg timestamp="20231119 12:58:05.785" level="INFO">Log level changed from NONE to INFO.</msg>
<status status="PASS" starttime="20231119 12:58:05.693" endtime="20231119 12:58:05.786"/>
</kw>
<status status="PASS" starttime="20231119 12:58:05.692" endtime="20231119 12:58:05.786"/>
</kw>
<kw name="Set Password Confirmation">
<arg>${password_confirmation}</arg>
<kw name="Input Password" library="SeleniumLibrary">
<arg>password_confirmation</arg>
<arg>${password}</arg>
<doc>Types the given password into the text field identified by ``locator``.</doc>
<msg timestamp="20231119 12:58:05.788" level="INFO">Typing password into text field 'password_confirmation'.</msg>
<msg timestamp="20231119 12:58:05.826" level="INFO">Temporally setting log level to: NONE</msg>
<msg timestamp="20231119 12:58:05.878" level="INFO">Log level changed from NONE to INFO.</msg>
<status status="PASS" starttime="20231119 12:58:05.787" endtime="20231119 12:58:05.878"/>
</kw>
<status status="PASS" starttime="20231119 12:58:05.786" endtime="20231119 12:58:05.879"/>
</kw>
<status status="PASS" starttime="20231119 12:58:05.582" endtime="20231119 12:58:05.879"/>
</kw>
<kw name="Submit Registeration">
<kw name="Click Button" library="SeleniumLibrary">
<arg>Register</arg>
<doc>Clicks the button identified by ``locator``.</doc>
<msg timestamp="20231119 12:58:05.880" level="INFO">Clicking button 'Register'.</msg>
<status status="PASS" starttime="20231119 12:58:05.879" endtime="20231119 12:58:05.953"/>
</kw>
<status status="PASS" starttime="20231119 12:58:05.879" endtime="20231119 12:58:05.953"/>
</kw>
<kw name="Register Should Fail With Message">
<arg>Username too short</arg>
<kw name="Register Page Should Be Open" library="resource">
<kw name="Title Should Be" library="SeleniumLibrary">
<arg>Register</arg>
<doc>Verifies that the current page title equals ``title``.</doc>
<msg timestamp="20231119 12:58:05.960" level="INFO">Page title is 'Register'.</msg>
<status status="PASS" starttime="20231119 12:58:05.954" endtime="20231119 12:58:05.960"/>
</kw>
<status status="PASS" starttime="20231119 12:58:05.954" endtime="20231119 12:58:05.961"/>
</kw>
<kw name="Page Should Contain" library="SeleniumLibrary">
<arg>${message}</arg>
<doc>Verifies that current page contains ``text``.</doc>
<msg timestamp="20231119 12:58:05.983" level="INFO">Current page contains text 'Username too short'.</msg>
<status status="PASS" starttime="20231119 12:58:05.961" endtime="20231119 12:58:05.983"/>
</kw>
<status status="PASS" starttime="20231119 12:58:05.953" endtime="20231119 12:58:05.983"/>
</kw>
<status status="PASS" starttime="20231119 12:58:05.565" endtime="20231119 12:58:05.983"/>
</test>
<test id="s1-s3-t3" name="Register With Valid Username And Invalid Password" line="18">
<kw name="Go To Register Page" library="resource" type="SETUP">
<kw name="Go To" library="SeleniumLibrary">
<arg>${REGISTER_URL}</arg>
<doc>Navigates the current browser window to the provided ``url``.</doc>
<msg timestamp="20231119 12:58:05.985" level="INFO">Opening url 'http://localhost:5001/register'</msg>
<status status="PASS" starttime="20231119 12:58:05.985" endtime="20231119 12:58:06.002"/>
</kw>
<status status="PASS" starttime="20231119 12:58:05.984" endtime="20231119 12:58:06.002"/>
</kw>
<kw name="Register User">
<arg>superman</arg>
<arg>loislane</arg>
<arg>loislane</arg>
<kw name="Set Username">
<arg>${username}</arg>
<kw name="Input Text" library="SeleniumLibrary">
<arg>username</arg>
<arg>${username}</arg>
<doc>Types the given ``text`` into the text field identified by ``locator``.</doc>
<msg timestamp="20231119 12:58:06.004" level="INFO">Typing text 'superman' into text field 'username'.</msg>
<status status="PASS" starttime="20231119 12:58:06.003" endtime="20231119 12:58:06.093"/>
</kw>
<status status="PASS" starttime="20231119 12:58:06.003" endtime="20231119 12:58:06.093"/>
</kw>
<kw name="Set Password">
<arg>${password}</arg>
<kw name="Input Password" library="SeleniumLibrary">
<arg>password</arg>
<arg>${password}</arg>
<doc>Types the given password into the text field identified by ``locator``.</doc>
<msg timestamp="20231119 12:58:06.095" level="INFO">Typing password into text field 'password'.</msg>
<msg timestamp="20231119 12:58:06.133" level="INFO">Temporally setting log level to: NONE</msg>
<msg timestamp="20231119 12:58:06.184" level="INFO">Log level changed from NONE to INFO.</msg>
<status status="PASS" starttime="20231119 12:58:06.094" endtime="20231119 12:58:06.184"/>
</kw>
<status status="PASS" starttime="20231119 12:58:06.094" endtime="20231119 12:58:06.184"/>
</kw>
<kw name="Set Password Confirmation">
<arg>${password_confirmation}</arg>
<kw name="Input Password" library="SeleniumLibrary">
<arg>password_confirmation</arg>
<arg>${password}</arg>
<doc>Types the given password into the text field identified by ``locator``.</doc>
<msg timestamp="20231119 12:58:06.186" level="INFO">Typing password into text field 'password_confirmation'.</msg>
<msg timestamp="20231119 12:58:06.225" level="INFO">Temporally setting log level to: NONE</msg>
<msg timestamp="20231119 12:58:06.274" level="INFO">Log level changed from NONE to INFO.</msg>
<status status="PASS" starttime="20231119 12:58:06.185" endtime="20231119 12:58:06.275"/>
</kw>
<status status="PASS" starttime="20231119 12:58:06.184" endtime="20231119 12:58:06.275"/>
</kw>
<status status="PASS" starttime="20231119 12:58:06.002" endtime="20231119 12:58:06.275"/>
</kw>
<kw name="Submit Registeration">
<kw name="Click Button" library="SeleniumLibrary">
<arg>Register</arg>
<doc>Clicks the button identified by ``locator``.</doc>
<msg timestamp="20231119 12:58:06.277" level="INFO">Clicking button 'Register'.</msg>
<status status="PASS" starttime="20231119 12:58:06.276" endtime="20231119 12:58:06.350"/>
</kw>
<status status="PASS" starttime="20231119 12:58:06.275" endtime="20231119 12:58:06.350"/>
</kw>
<kw name="Register Should Fail With Message">
<arg>Invalid password</arg>
<kw name="Register Page Should Be Open" library="resource">
<kw name="Title Should Be" library="SeleniumLibrary">
<arg>Register</arg>
<doc>Verifies that the current page title equals ``title``.</doc>
<msg timestamp="20231119 12:58:06.357" level="INFO">Page title is 'Register'.</msg>
<status status="PASS" starttime="20231119 12:58:06.351" endtime="20231119 12:58:06.357"/>
</kw>
<status status="PASS" starttime="20231119 12:58:06.351" endtime="20231119 12:58:06.357"/>
</kw>
<kw name="Page Should Contain" library="SeleniumLibrary">
<arg>${message}</arg>
<doc>Verifies that current page contains ``text``.</doc>
<msg timestamp="20231119 12:58:06.378" level="INFO">Current page contains text 'Invalid password'.</msg>
<status status="PASS" starttime="20231119 12:58:06.357" endtime="20231119 12:58:06.379"/>
</kw>
<status status="PASS" starttime="20231119 12:58:06.351" endtime="20231119 12:58:06.379"/>
</kw>
<status status="PASS" starttime="20231119 12:58:05.984" endtime="20231119 12:58:06.379"/>
</test>
<test id="s1-s3-t4" name="Register With Nonmatching Password And Password Confirmation" line="24">
<kw name="Go To Register Page" library="resource" type="SETUP">
<kw name="Go To" library="SeleniumLibrary">
<arg>${REGISTER_URL}</arg>
<doc>Navigates the current browser window to the provided ``url``.</doc>
<msg timestamp="20231119 12:58:06.382" level="INFO">Opening url 'http://localhost:5001/register'</msg>
<status status="PASS" starttime="20231119 12:58:06.381" endtime="20231119 12:58:06.401"/>
</kw>
<status status="PASS" starttime="20231119 12:58:06.381" endtime="20231119 12:58:06.401"/>
</kw>
<kw name="Register User">
<arg>wonderwoman</arg>
<arg>amazon123</arg>
<arg>amazon321</arg>
<kw name="Set Username">
<arg>${username}</arg>
<kw name="Input Text" library="SeleniumLibrary">
<arg>username</arg>
<arg>${username}</arg>
<doc>Types the given ``text`` into the text field identified by ``locator``.</doc>
<msg timestamp="20231119 12:58:06.404" level="INFO">Typing text 'wonderwoman' into text field 'username'.</msg>
<status status="PASS" starttime="20231119 12:58:06.403" endtime="20231119 12:58:06.498"/>
</kw>
<status status="PASS" starttime="20231119 12:58:06.402" endtime="20231119 12:58:06.498"/>
</kw>
<kw name="Set Password">
<arg>${password}</arg>
<kw name="Input Password" library="SeleniumLibrary">
<arg>password</arg>
<arg>${password}</arg>
<doc>Types the given password into the text field identified by ``locator``.</doc>
<msg timestamp="20231119 12:58:06.500" level="INFO">Typing password into text field 'password'.</msg>
<msg timestamp="20231119 12:58:06.541" level="INFO">Temporally setting log level to: NONE</msg>
<msg timestamp="20231119 12:58:06.591" level="INFO">Log level changed from NONE to INFO.</msg>
<status status="PASS" starttime="20231119 12:58:06.499" endtime="20231119 12:58:06.591"/>
</kw>
<status status="PASS" starttime="20231119 12:58:06.499" endtime="20231119 12:58:06.591"/>
</kw>
<kw name="Set Password Confirmation">
<arg>${password_confirmation}</arg>
<kw name="Input Password" library="SeleniumLibrary">
<arg>password_confirmation</arg>
<arg>${password}</arg>
<doc>Types the given password into the text field identified by ``locator``.</doc>
<msg timestamp="20231119 12:58:06.593" level="INFO">Typing password into text field 'password_confirmation'.</msg>
<msg timestamp="20231119 12:58:06.631" level="INFO">Temporally setting log level to: NONE</msg>
<msg timestamp="20231119 12:58:06.682" level="INFO">Log level changed from NONE to INFO.</msg>
<status status="PASS" starttime="20231119 12:58:06.592" endtime="20231119 12:58:06.683"/>
</kw>
<status status="PASS" starttime="20231119 12:58:06.591" endtime="20231119 12:58:06.683"/>
</kw>
<status status="PASS" starttime="20231119 12:58:06.401" endtime="20231119 12:58:06.683"/>
</kw>
<kw name="Submit Registeration">
<kw name="Click Button" library="SeleniumLibrary">
<arg>Register</arg>
<doc>Clicks the button identified by ``locator``.</doc>
<msg timestamp="20231119 12:58:06.684" level="INFO">Clicking button 'Register'.</msg>
<status status="PASS" starttime="20231119 12:58:06.684" endtime="20231119 12:58:06.756"/>
</kw>
<status status="PASS" starttime="20231119 12:58:06.683" endtime="20231119 12:58:06.756"/>
</kw>
<kw name="Register Should Fail With Message">
<arg>Password confirmation didn't match password</arg>
<kw name="Register Page Should Be Open" library="resource">
<kw name="Title Should Be" library="SeleniumLibrary">
<arg>Register</arg>
<doc>Verifies that the current page title equals ``title``.</doc>
<msg timestamp="20231119 12:58:06.763" level="INFO">Page title is 'Register'.</msg>
<status status="PASS" starttime="20231119 12:58:06.758" endtime="20231119 12:58:06.763"/>
</kw>
<status status="PASS" starttime="20231119 12:58:06.757" endtime="20231119 12:58:06.763"/>
</kw>
<kw name="Page Should Contain" library="SeleniumLibrary">
<arg>${message}</arg>
<doc>Verifies that current page contains ``text``.</doc>
<msg timestamp="20231119 12:58:06.784" level="INFO">Current page contains text 'Password confirmation didn't match password'.</msg>
<status status="PASS" starttime="20231119 12:58:06.763" endtime="20231119 12:58:06.784"/>
</kw>
<status status="PASS" starttime="20231119 12:58:06.757" endtime="20231119 12:58:06.784"/>
</kw>
<status status="PASS" starttime="20231119 12:58:06.380" endtime="20231119 12:58:06.784"/>
</test>
<test id="s1-s3-t5" name="Login After Successful Registration" line="29">
<kw name="Go To Register Page" library="resource" type="SETUP">
<kw name="Go To" library="SeleniumLibrary">
<arg>${REGISTER_URL}</arg>
<doc>Navigates the current browser window to the provided ``url``.</doc>
<msg timestamp="20231119 12:58:06.786" level="INFO">Opening url 'http://localhost:5001/register'</msg>
<status status="PASS" starttime="20231119 12:58:06.786" endtime="20231119 12:58:06.804"/>
</kw>
<status status="PASS" starttime="20231119 12:58:06.786" endtime="20231119 12:58:06.804"/>
</kw>
<kw name="Register User">
<arg>aquaman</arg>
<arg>atlantis123</arg>
<arg>atlantis123</arg>
<kw name="Set Username">
<arg>${username}</arg>
<kw name="Input Text" library="SeleniumLibrary">
<arg>username</arg>
<arg>${username}</arg>
<doc>Types the given ``text`` into the text field identified by ``locator``.</doc>
<msg timestamp="20231119 12:58:06.807" level="INFO">Typing text 'aquaman' into text field 'username'.</msg>
<status status="PASS" starttime="20231119 12:58:06.806" endtime="20231119 12:58:06.900"/>
</kw>
<status status="PASS" starttime="20231119 12:58:06.805" endtime="20231119 12:58:06.900"/>
</kw>
<kw name="Set Password">
<arg>${password}</arg>
<kw name="Input Password" library="SeleniumLibrary">
<arg>password</arg>
<arg>${password}</arg>
<doc>Types the given password into the text field identified by ``locator``.</doc>
<msg timestamp="20231119 12:58:06.902" level="INFO">Typing password into text field 'password'.</msg>
<msg timestamp="20231119 12:58:06.940" level="INFO">Temporally setting log level to: NONE</msg>
<msg timestamp="20231119 12:58:06.993" level="INFO">Log level changed from NONE to INFO.</msg>
<status status="PASS" starttime="20231119 12:58:06.901" endtime="20231119 12:58:06.993"/>
</kw>
<status status="PASS" starttime="20231119 12:58:06.900" endtime="20231119 12:58:06.993"/>
</kw>
<kw name="Set Password Confirmation">
<arg>${password_confirmation}</arg>
<kw name="Input Password" library="SeleniumLibrary">
<arg>password_confirmation</arg>
<arg>${password}</arg>
<doc>Types the given password into the text field identified by ``locator``.</doc>
<msg timestamp="20231119 12:58:06.995" level="INFO">Typing password into text field 'password_confirmation'.</msg>
<msg timestamp="20231119 12:58:07.033" level="INFO">Temporally setting log level to: NONE</msg>
<msg timestamp="20231119 12:58:07.083" level="INFO">Log level changed from NONE to INFO.</msg>
<status status="PASS" starttime="20231119 12:58:06.994" endtime="20231119 12:58:07.083"/>
</kw>
<status status="PASS" starttime="20231119 12:58:06.993" endtime="20231119 12:58:07.084"/>
</kw>
<status status="PASS" starttime="20231119 12:58:06.805" endtime="20231119 12:58:07.084"/>
</kw>
<kw name="Submit Registeration">
<kw name="Click Button" library="SeleniumLibrary">
<arg>Register</arg>
<doc>Clicks the button identified by ``locator``.</doc>
<msg timestamp="20231119 12:58:07.085" level="INFO">Clicking button 'Register'.</msg>
<status status="PASS" starttime="20231119 12:58:07.084" endtime="20231119 12:58:07.156"/>
</kw>
<status status="PASS" starttime="20231119 12:58:07.084" endtime="20231119 12:58:07.156"/>
</kw>
<kw name="Go To Login Page" library="resource">
<kw name="Go To" library="SeleniumLibrary">
<arg>${LOGIN_URL}</arg>
<doc>Navigates the current browser window to the provided ``url``.</doc>
<msg timestamp="20231119 12:58:07.158" level="INFO">Opening url 'http://localhost:5001/login'</msg>
<status status="PASS" starttime="20231119 12:58:07.157" endtime="20231119 12:58:07.173"/>
</kw>
<status status="PASS" starttime="20231119 12:58:07.157" endtime="20231119 12:58:07.173"/>
</kw>
<kw name="Set Username">
<arg>aquaman</arg>
<kw name="Input Text" library="SeleniumLibrary">
<arg>username</arg>
<arg>${username}</arg>
<doc>Types the given ``text`` into the text field identified by ``locator``.</doc>
<msg timestamp="20231119 12:58:07.175" level="INFO">Typing text 'aquaman' into text field 'username'.</msg>
<status status="PASS" starttime="20231119 12:58:07.174" endtime="20231119 12:58:07.265"/>
</kw>
<status status="PASS" starttime="20231119 12:58:07.174" endtime="20231119 12:58:07.265"/>
</kw>
<kw name="Set Password">
<arg>atlantis123</arg>
<kw name="Input Password" library="SeleniumLibrary">
<arg>password</arg>
<arg>${password}</arg>
<doc>Types the given password into the text field identified by ``locator``.</doc>
<msg timestamp="20231119 12:58:07.266" level="INFO">Typing password into text field 'password'.</msg>
<msg timestamp="20231119 12:58:07.310" level="INFO">Temporally setting log level to: NONE</msg>
<msg timestamp="20231119 12:58:07.364" level="INFO">Log level changed from NONE to INFO.</msg>
<status status="PASS" starttime="20231119 12:58:07.266" endtime="20231119 12:58:07.364"/>
</kw>
<status status="PASS" starttime="20231119 12:58:07.265" endtime="20231119 12:58:07.364"/>
</kw>
<kw name="Submit Credentials">
<kw name="Click Button" library="SeleniumLibrary">
<arg>Login</arg>
<doc>Clicks the button identified by ``locator``.</doc>
<msg timestamp="20231119 12:58:07.366" level="INFO">Clicking button 'Login'.</msg>
<status status="PASS" starttime="20231119 12:58:07.365" endtime="20231119 12:58:07.462"/>
</kw>
<status status="PASS" starttime="20231119 12:58:07.364" endtime="20231119 12:58:07.463"/>
</kw>
<kw name="Login Should Succeed">
<kw name="Main Page Should Be Open" library="resource">
<kw name="Title Should Be" library="SeleniumLibrary">
<arg>Ohtu Application main page</arg>
<doc>Verifies that the current page title equals ``title``.</doc>
<msg timestamp="20231119 12:58:07.469" level="INFO">Page title is 'Ohtu Application main page'.</msg>
<status status="PASS" starttime="20231119 12:58:07.464" endtime="20231119 12:58:07.469"/>
</kw>
<status status="PASS" starttime="20231119 12:58:07.463" endtime="20231119 12:58:07.469"/>
</kw>
<status status="PASS" starttime="20231119 12:58:07.463" endtime="20231119 12:58:07.469"/>
</kw>
<status status="PASS" starttime="20231119 12:58:06.785" endtime="20231119 12:58:07.470"/>
</test>
<test id="s1-s3-t6" name="Login After Failed Registration" line="38">
<kw name="Go To Register Page" library="resource" type="SETUP">
<kw name="Go To" library="SeleniumLibrary">
<arg>${REGISTER_URL}</arg>
<doc>Navigates the current browser window to the provided ``url``.</doc>
<msg timestamp="20231119 12:58:07.472" level="INFO">Opening url 'http://localhost:5001/register'</msg>
<status status="PASS" starttime="20231119 12:58:07.472" endtime="20231119 12:58:07.488"/>
</kw>
<status status="PASS" starttime="20231119 12:58:07.471" endtime="20231119 12:58:07.488"/>
</kw>
<kw name="Register User">
<arg>flash</arg>
<arg>speed</arg>
<arg>speed</arg>
<kw name="Set Username">
<arg>${username}</arg>
<kw name="Input Text" library="SeleniumLibrary">
<arg>username</arg>
<arg>${username}</arg>
<doc>Types the given ``text`` into the text field identified by ``locator``.</doc>
<msg timestamp="20231119 12:58:07.490" level="INFO">Typing text 'flash' into text field 'username'.</msg>
<status status="PASS" starttime="20231119 12:58:07.489" endtime="20231119 12:58:07.579"/>
</kw>
<status status="PASS" starttime="20231119 12:58:07.489" endtime="20231119 12:58:07.579"/>
</kw>
<kw name="Set Password">
<arg>${password}</arg>
<kw name="Input Password" library="SeleniumLibrary">
<arg>password</arg>
<arg>${password}</arg>
<doc>Types the given password into the text field identified by ``locator``.</doc>
<msg timestamp="20231119 12:58:07.580" level="INFO">Typing password into text field 'password'.</msg>
<msg timestamp="20231119 12:58:07.620" level="INFO">Temporally setting log level to: NONE</msg>
<msg timestamp="20231119 12:58:07.674" level="INFO">Log level changed from NONE to INFO.</msg>
<status status="PASS" starttime="20231119 12:58:07.580" endtime="20231119 12:58:07.674"/>
</kw>
<status status="PASS" starttime="20231119 12:58:07.579" endtime="20231119 12:58:07.674"/>
</kw>
<kw name="Set Password Confirmation">
<arg>${password_confirmation}</arg>
<kw name="Input Password" library="SeleniumLibrary">
<arg>password_confirmation</arg>
<arg>${password}</arg>
<doc>Types the given password into the text field identified by ``locator``.</doc>
<msg timestamp="20231119 12:58:07.676" level="INFO">Typing password into text field 'password_confirmation'.</msg>
<msg timestamp="20231119 12:58:07.716" level="INFO">Temporally setting log level to: NONE</msg>
<msg timestamp="20231119 12:58:07.764" level="INFO">Log level changed from NONE to INFO.</msg>
<status status="PASS" starttime="20231119 12:58:07.675" endtime="20231119 12:58:07.764"/>
</kw>
<status status="PASS" starttime="20231119 12:58:07.674" endtime="20231119 12:58:07.764"/>
</kw>
<status status="PASS" starttime="20231119 12:58:07.488" endtime="20231119 12:58:07.764"/>
</kw>
<kw name="Submit Registeration">
<kw name="Click Button" library="SeleniumLibrary">
<arg>Register</arg>
<doc>Clicks the button identified by ``locator``.</doc>
<msg timestamp="20231119 12:58:07.770" level="INFO">Clicking button 'Register'.</msg>
<status status="PASS" starttime="20231119 12:58:07.765" endtime="20231119 12:58:07.844"/>
</kw>
<status status="PASS" starttime="20231119 12:58:07.765" endtime="20231119 12:58:07.844"/>
</kw>
<kw name="Go To Login Page" library="resource">
<kw name="Go To" library="SeleniumLibrary">
<arg>${LOGIN_URL}</arg>
<doc>Navigates the current browser window to the provided ``url``.</doc>
<msg timestamp="20231119 12:58:07.845" level="INFO">Opening url 'http://localhost:5001/login'</msg>
<status status="PASS" starttime="20231119 12:58:07.845" endtime="20231119 12:58:07.862"/>
</kw>
<status status="PASS" starttime="20231119 12:58:07.844" endtime="20231119 12:58:07.862"/>
</kw>
<kw name="Set Username">
<arg>flash</arg>
<kw name="Input Text" library="SeleniumLibrary">
<arg>username</arg>
<arg>${username}</arg>
<doc>Types the given ``text`` into the text field identified by ``locator``.</doc>
<msg timestamp="20231119 12:58:07.863" level="INFO">Typing text 'flash' into text field 'username'.</msg>
<status status="PASS" starttime="20231119 12:58:07.863" endtime="20231119 12:58:07.949"/>
</kw>
<status status="PASS" starttime="20231119 12:58:07.862" endtime="20231119 12:58:07.949"/>
</kw>
<kw name="Set Password">
<arg>speed</arg>
<kw name="Input Password" library="SeleniumLibrary">
<arg>password</arg>
<arg>${password}</arg>
<doc>Types the given password into the text field identified by ``locator``.</doc>
<msg timestamp="20231119 12:58:07.951" level="INFO">Typing password into text field 'password'.</msg>
<msg timestamp="20231119 12:58:07.991" level="INFO">Temporally setting log level to: NONE</msg>
<msg timestamp="20231119 12:58:08.040" level="INFO">Log level changed from NONE to INFO.</msg>
<status status="PASS" starttime="20231119 12:58:07.950" endtime="20231119 12:58:08.041"/>
</kw>
<status status="PASS" starttime="20231119 12:58:07.950" endtime="20231119 12:58:08.041"/>
</kw>
<kw name="Submit Credentials">
<kw name="Click Button" library="SeleniumLibrary">
<arg>Login</arg>
<doc>Clicks the button identified by ``locator``.</doc>
<msg timestamp="20231119 12:58:08.042" level="INFO">Clicking button 'Login'.</msg>
<status status="PASS" starttime="20231119 12:58:08.042" endtime="20231119 12:58:08.114"/>
</kw>
<status status="PASS" starttime="20231119 12:58:08.041" endtime="20231119 12:58:08.115"/>
</kw>
<kw name="Login Should Fail With Message">
<arg>Invalid username or password</arg>
<kw name="Login Page Should Be Open" library="resource">
<kw name="Title Should Be" library="SeleniumLibrary">
<arg>Login</arg>
<doc>Verifies that the current page title equals ``title``.</doc>
<msg timestamp="20231119 12:58:08.121" level="INFO">Page title is 'Login'.</msg>
<status status="PASS" starttime="20231119 12:58:08.116" endtime="20231119 12:58:08.121"/>
</kw>
<status status="PASS" starttime="20231119 12:58:08.115" endtime="20231119 12:58:08.121"/>
</kw>
<kw name="Page Should Contain" library="SeleniumLibrary">
<arg>${message}</arg>
<doc>Verifies that current page contains ``text``.</doc>
<msg timestamp="20231119 12:58:08.143" level="INFO">Current page contains text 'Invalid username or password'.</msg>
<status status="PASS" starttime="20231119 12:58:08.122" endtime="20231119 12:58:08.144"/>
</kw>
<status status="PASS" starttime="20231119 12:58:08.115" endtime="20231119 12:58:08.144"/>
</kw>
<status status="PASS" starttime="20231119 12:58:07.471" endtime="20231119 12:58:08.144"/>
</test>
<kw name="Close Browser" library="SeleniumLibrary" type="TEARDOWN">
<doc>Closes the current browser.</doc>
<status status="PASS" starttime="20231119 12:58:08.145" endtime="20231119 12:58:08.205"/>
</kw>
<status status="PASS" starttime="20231119 12:58:04.260" endtime="20231119 12:58:08.206"/>
</suite>
<status status="PASS" starttime="20231119 12:58:00.901" endtime="20231119 12:58:08.208"/>
</suite>
<statistics>
<total>
<stat pass="12" fail="0" skip="0">All Tests</stat>
</total>
<tag>
</tag>
<suite>
<stat pass="12" fail="0" skip="0" id="s1" name="Tests">Tests</stat>
<stat pass="3" fail="0" skip="0" id="s1-s1" name="Home">Tests.Home</stat>
<stat pass="3" fail="0" skip="0" id="s1-s2" name="Login">Tests.Login</stat>
<stat pass="6" fail="0" skip="0" id="s1-s3" name="Register">Tests.Register</stat>
</suite>
</statistics>
<errors>
</errors>
</robot>
