<?xml version="1.0" encoding="UTF-8"?>
<robot generator="Robot 6.1.1 (Python 3.10.12 on linux)" generated="20231118 12:36:22.112" rpa="false" schemaversion="4">
<suite id="s1" name="Tests" source="/home/mspaajan/Documents/OhTu/palautusrepositorio/viikko3/login-robot/src/tests">
<suite id="s1-s1" name="Login" source="/home/mspaajan/Documents/OhTu/palautusrepositorio/viikko3/login-robot/src/tests/login.robot">
<test id="s1-s1-t1" name="Login With Correct Credentials" line="6">
<kw name="Create User And Input Login Command" type="SETUP">
<kw name="Create User" library="AppLibrary">
<arg>kalle</arg>
<arg>kalle123</arg>
<status status="PASS" starttime="20231118 12:36:22.128" endtime="20231118 12:36:22.128"/>
</kw>
<kw name="Input Login Command" library="resource">
<kw name="Input" library="AppLibrary">
<arg>login</arg>
<status status="PASS" starttime="20231118 12:36:22.128" endtime="20231118 12:36:22.128"/>
</kw>
<status status="PASS" starttime="20231118 12:36:22.128" endtime="20231118 12:36:22.128"/>
</kw>
<status status="PASS" starttime="20231118 12:36:22.128" endtime="20231118 12:36:22.128"/>
</kw>
<kw name="Input Credentials" library="resource">
<arg>kalle</arg>
<arg>kalle123</arg>
<kw name="Input" library="AppLibrary">
<arg>${username}</arg>
<status status="PASS" starttime="20231118 12:36:22.129" endtime="20231118 12:36:22.129"/>
</kw>
<kw name="Input" library="AppLibrary">
<arg>${password}</arg>
<status status="PASS" starttime="20231118 12:36:22.129" endtime="20231118 12:36:22.129"/>
</kw>
<kw name="Run Application" library="AppLibrary">
<status status="PASS" starttime="20231118 12:36:22.129" endtime="20231118 12:36:22.129"/>
</kw>
<status status="PASS" starttime="20231118 12:36:22.129" endtime="20231118 12:36:22.129"/>
</kw>
<kw name="Output Should Contain" library="AppLibrary">
<arg>Logged in</arg>
<status status="PASS" starttime="20231118 12:36:22.129" endtime="20231118 12:36:22.129"/>
</kw>
<status status="PASS" starttime="20231118 12:36:22.127" endtime="20231118 12:36:22.129"/>
</test>
<test id="s1-s1-t2" name="Login With Incorrect Password" line="10">
<kw name="Create User And Input Login Command" type="SETUP">
<kw name="Create User" library="AppLibrary">
<arg>kalle</arg>
<arg>kalle123</arg>
<status status="PASS" starttime="20231118 12:36:22.130" endtime="20231118 12:36:22.130"/>
</kw>
<kw name="Input Login Command" library="resource">
<kw name="Input" library="AppLibrary">
<arg>login</arg>
<status status="PASS" starttime="20231118 12:36:22.130" endtime="20231118 12:36:22.130"/>
</kw>
<status status="PASS" starttime="20231118 12:36:22.130" endtime="20231118 12:36:22.130"/>
</kw>
<status status="PASS" starttime="20231118 12:36:22.130" endtime="20231118 12:36:22.130"/>
</kw>
<kw name="Input Credentials" library="resource">
<arg>kalle</arg>
<arg>kille123</arg>
<kw name="Input" library="AppLibrary">
<arg>${username}</arg>
<status status="PASS" starttime="20231118 12:36:22.130" endtime="20231118 12:36:22.130"/>
</kw>
<kw name="Input" library="AppLibrary">
<arg>${password}</arg>
<status status="PASS" starttime="20231118 12:36:22.130" endtime="20231118 12:36:22.131"/>
</kw>
<kw name="Run Application" library="AppLibrary">
<status status="PASS" starttime="20231118 12:36:22.131" endtime="20231118 12:36:22.131"/>
</kw>
<status status="PASS" starttime="20231118 12:36:22.130" endtime="20231118 12:36:22.131"/>
</kw>
<kw name="Output Should Contain" library="AppLibrary">
<arg>Invalid username or password</arg>
<status status="PASS" starttime="20231118 12:36:22.131" endtime="20231118 12:36:22.131"/>
</kw>
<status status="PASS" starttime="20231118 12:36:22.129" endtime="20231118 12:36:22.131"/>
</test>
<test id="s1-s1-t3" name="Login With Nonexistent Username" line="14">
<kw name="Create User And Input Login Command" type="SETUP">
<kw name="Create User" library="AppLibrary">
<arg>kalle</arg>
<arg>kalle123</arg>
<status status="PASS" starttime="20231118 12:36:22.131" endtime="20231118 12:36:22.131"/>
</kw>
<kw name="Input Login Command" library="resource">
<kw name="Input" library="AppLibrary">
<arg>login</arg>
<status status="PASS" starttime="20231118 12:36:22.132" endtime="20231118 12:36:22.132"/>
</kw>
<status status="PASS" starttime="20231118 12:36:22.131" endtime="20231118 12:36:22.132"/>
</kw>
<status status="PASS" starttime="20231118 12:36:22.131" endtime="20231118 12:36:22.132"/>
</kw>
<kw name="Input Credentials" library="resource">
<arg>kille</arg>
<arg>kille123</arg>
<kw name="Input" library="AppLibrary">
<arg>${username}</arg>
<status status="PASS" starttime="20231118 12:36:22.132" endtime="20231118 12:36:22.132"/>
</kw>
<kw name="Input" library="AppLibrary">
<arg>${password}</arg>
<status status="PASS" starttime="20231118 12:36:22.132" endtime="20231118 12:36:22.132"/>
</kw>
<kw name="Run Application" library="AppLibrary">
<status status="PASS" starttime="20231118 12:36:22.132" endtime="20231118 12:36:22.132"/>
</kw>
<status status="PASS" starttime="20231118 12:36:22.132" endtime="20231118 12:36:22.132"/>
</kw>
<kw name="Output Should Contain" library="AppLibrary">
<arg>Invalid username or password</arg>
<status status="PASS" starttime="20231118 12:36:22.132" endtime="20231118 12:36:22.132"/>
</kw>
<status status="PASS" starttime="20231118 12:36:22.131" endtime="20231118 12:36:22.132"/>
</test>
<status status="PASS" starttime="20231118 12:36:22.123" endtime="20231118 12:36:22.133"/>
</suite>
<suite id="s1-s2" name="Register" source="/home/mspaajan/Documents/OhTu/palautusrepositorio/viikko3/login-robot/src/tests/register.robot">
<test id="s1-s2-t1" name="Register With Valid Username And Password" line="6">
<kw name="Create User And Input New Command" type="SETUP">
<kw name="Create User" library="AppLibrary">
<arg>kalle</arg>
<arg>kalle123</arg>
<status status="PASS" starttime="20231118 12:36:22.135" endtime="20231118 12:36:22.135"/>
</kw>
<kw name="Input New Command" library="resource">
<kw name="Input" library="AppLibrary">
<arg>new</arg>
<status status="PASS" starttime="20231118 12:36:22.135" endtime="20231118 12:36:22.135"/>
</kw>
<status status="PASS" starttime="20231118 12:36:22.135" endtime="20231118 12:36:22.135"/>
</kw>
<status status="PASS" starttime="20231118 12:36:22.134" endtime="20231118 12:36:22.135"/>
</kw>
<kw name="Input Credentials" library="resource">
<arg>batman</arg>
<arg>robin123</arg>
<kw name="Input" library="AppLibrary">
<arg>${username}</arg>
<status status="PASS" starttime="20231118 12:36:22.135" endtime="20231118 12:36:22.135"/>
</kw>
<kw name="Input" library="AppLibrary">
<arg>${password}</arg>
<status status="PASS" starttime="20231118 12:36:22.135" endtime="20231118 12:36:22.135"/>
</kw>
<kw name="Run Application" library="AppLibrary">
<status status="PASS" starttime="20231118 12:36:22.135" endtime="20231118 12:36:22.135"/>
</kw>
<status status="PASS" starttime="20231118 12:36:22.135" endtime="20231118 12:36:22.135"/>
</kw>
<kw name="Output Should Contain" library="AppLibrary">
<arg>New user registered</arg>
<status status="PASS" starttime="20231118 12:36:22.136" endtime="20231118 12:36:22.136"/>
</kw>
<status status="PASS" starttime="20231118 12:36:22.134" endtime="20231118 12:36:22.136"/>
</test>
<test id="s1-s2-t2" name="Register With Already Taken Username And Valid Password" line="10">
<kw name="Create User And Input New Command" type="SETUP">
<kw name="Create User" library="AppLibrary">
<arg>kalle</arg>
<arg>kalle123</arg>
<status status="PASS" starttime="20231118 12:36:22.136" endtime="20231118 12:36:22.136"/>
</kw>
<kw name="Input New Command" library="resource">
<kw name="Input" library="AppLibrary">
<arg>new</arg>
<status status="PASS" starttime="20231118 12:36:22.136" endtime="20231118 12:36:22.137"/>
</kw>
<status status="PASS" starttime="20231118 12:36:22.136" endtime="20231118 12:36:22.137"/>
</kw>
<status status="PASS" starttime="20231118 12:36:22.136" endtime="20231118 12:36:22.137"/>
</kw>
<kw name="Input Credentials" library="resource">
<arg>kalle</arg>
<arg>nalle123</arg>
<kw name="Input" library="AppLibrary">
<arg>${username}</arg>
<status status="PASS" starttime="20231118 12:36:22.137" endtime="20231118 12:36:22.137"/>
</kw>
<kw name="Input" library="AppLibrary">
<arg>${password}</arg>
<status status="PASS" starttime="20231118 12:36:22.137" endtime="20231118 12:36:22.137"/>
</kw>
<kw name="Run Application" library="AppLibrary">
<status status="PASS" starttime="20231118 12:36:22.137" endtime="20231118 12:36:22.137"/>
</kw>
<status status="PASS" starttime="20231118 12:36:22.137" endtime="20231118 12:36:22.137"/>
</kw>
<kw name="Output Should Contain" library="AppLibrary">
<arg>User with username already exists</arg>
<status status="PASS" starttime="20231118 12:36:22.137" endtime="20231118 12:36:22.137"/>
</kw>
<status status="PASS" starttime="20231118 12:36:22.136" endtime="20231118 12:36:22.137"/>
</test>
<test id="s1-s2-t3" name="Register With Too Short Username And Valid Password" line="14">
<kw name="Create User And Input New Command" type="SETUP">
<kw name="Create User" library="AppLibrary">
<arg>kalle</arg>
<arg>kalle123</arg>
<status status="PASS" starttime="20231118 12:36:22.138" endtime="20231118 12:36:22.138"/>
</kw>
<kw name="Input New Command" library="resource">
<kw name="Input" library="AppLibrary">
<arg>new</arg>
<status status="PASS" starttime="20231118 12:36:22.138" endtime="20231118 12:36:22.138"/>
</kw>
<status status="PASS" starttime="20231118 12:36:22.138" endtime="20231118 12:36:22.138"/>
</kw>
<status status="PASS" starttime="20231118 12:36:22.138" endtime="20231118 12:36:22.138"/>
</kw>
<kw name="Input Credentials" library="resource">
<arg>ck</arg>
<arg>kryptonite123</arg>
<kw name="Input" library="AppLibrary">
<arg>${username}</arg>
<status status="PASS" starttime="20231118 12:36:22.138" endtime="20231118 12:36:22.138"/>
</kw>
<kw name="Input" library="AppLibrary">
<arg>${password}</arg>
<status status="PASS" starttime="20231118 12:36:22.138" endtime="20231118 12:36:22.139"/>
</kw>
<kw name="Run Application" library="AppLibrary">
<status status="PASS" starttime="20231118 12:36:22.139" endtime="20231118 12:36:22.139"/>
</kw>
<status status="PASS" starttime="20231118 12:36:22.138" endtime="20231118 12:36:22.139"/>
</kw>
<kw name="Output Should Contain" library="AppLibrary">
<arg>Username too short</arg>
<status status="PASS" starttime="20231118 12:36:22.139" endtime="20231118 12:36:22.139"/>
</kw>
<status status="PASS" starttime="20231118 12:36:22.137" endtime="20231118 12:36:22.139"/>
</test>
<test id="s1-s2-t4" name="Register With Enough Long But Invalid Username And Valid Password" line="18">
<kw name="Create User And Input New Command" type="SETUP">
<kw name="Create User" library="AppLibrary">
<arg>kalle</arg>
<arg>kalle123</arg>
<status status="PASS" starttime="20231118 12:36:22.139" endtime="20231118 12:36:22.139"/>
</kw>
<kw name="Input New Command" library="resource">
<kw name="Input" library="AppLibrary">
<arg>new</arg>
<status status="PASS" starttime="20231118 12:36:22.140" endtime="20231118 12:36:22.140"/>
</kw>
<status status="PASS" starttime="20231118 12:36:22.139" endtime="20231118 12:36:22.140"/>
</kw>
<status status="PASS" starttime="20231118 12:36:22.139" endtime="20231118 12:36:22.140"/>
</kw>
<kw name="Input Credentials" library="resource">
<arg>132E124</arg>
<arg>sala1234</arg>
<kw name="Input" library="AppLibrary">
<arg>${username}</arg>
<status status="PASS" starttime="20231118 12:36:22.140" endtime="20231118 12:36:22.140"/>
</kw>
<kw name="Input" library="AppLibrary">
<arg>${password}</arg>
<status status="PASS" starttime="20231118 12:36:22.140" endtime="20231118 12:36:22.140"/>
</kw>
<kw name="Run Application" library="AppLibrary">
<status status="PASS" starttime="20231118 12:36:22.140" endtime="20231118 12:36:22.140"/>
</kw>
<status status="PASS" starttime="20231118 12:36:22.140" endtime="20231118 12:36:22.140"/>
</kw>
<kw name="Output Should Contain" library="AppLibrary">
<arg>Username can contain only letters</arg>
<status status="PASS" starttime="20231118 12:36:22.140" endtime="20231118 12:36:22.140"/>
</kw>
<status status="PASS" starttime="20231118 12:36:22.139" endtime="20231118 12:36:22.140"/>
</test>
<test id="s1-s2-t5" name="Register With Valid Username And Too Short Password" line="22">
<kw name="Create User And Input New Command" type="SETUP">
<kw name="Create User" library="AppLibrary">
<arg>kalle</arg>
<arg>kalle123</arg>
<status status="PASS" starttime="20231118 12:36:22.141" endtime="20231118 12:36:22.141"/>
</kw>
<kw name="Input New Command" library="resource">
<kw name="Input" library="AppLibrary">
<arg>new</arg>
<status status="PASS" starttime="20231118 12:36:22.141" endtime="20231118 12:36:22.141"/>
</kw>
<status status="PASS" starttime="20231118 12:36:22.141" endtime="20231118 12:36:22.141"/>
</kw>
<status status="PASS" starttime="20231118 12:36:22.141" endtime="20231118 12:36:22.141"/>
</kw>
<kw name="Input Credentials" library="resource">
<arg>batman</arg>
<arg>robin12</arg>
<kw name="Input" library="AppLibrary">
<arg>${username}</arg>
<status status="PASS" starttime="20231118 12:36:22.142" endtime="20231118 12:36:22.142"/>
</kw>
<kw name="Input" library="AppLibrary">
<arg>${password}</arg>
<status status="PASS" starttime="20231118 12:36:22.142" endtime="20231118 12:36:22.142"/>
</kw>
<kw name="Run Application" library="AppLibrary">
<status status="PASS" starttime="20231118 12:36:22.142" endtime="20231118 12:36:22.142"/>
</kw>
<status status="PASS" starttime="20231118 12:36:22.141" endtime="20231118 12:36:22.142"/>
</kw>
<kw name="Output Should Contain" library="AppLibrary">
<arg>Password too short</arg>
<status status="PASS" starttime="20231118 12:36:22.142" endtime="20231118 12:36:22.142"/>
</kw>
<status status="PASS" starttime="20231118 12:36:22.141" endtime="20231118 12:36:22.142"/>
</test>
<test id="s1-s2-t6" name="Register With Valid Username And Long Enough Password Containing Only Letters" line="26">
<kw name="Create User And Input New Command" type="SETUP">
<kw name="Create User" library="AppLibrary">
<arg>kalle</arg>
<arg>kalle123</arg>
<status status="PASS" starttime="20231118 12:36:22.142" endtime="20231118 12:36:22.143"/>
</kw>
<kw name="Input New Command" library="resource">
<kw name="Input" library="AppLibrary">
<arg>new</arg>
<status status="PASS" starttime="20231118 12:36:22.143" endtime="20231118 12:36:22.143"/>
</kw>
<status status="PASS" starttime="20231118 12:36:22.143" endtime="20231118 12:36:22.143"/>
</kw>
<status status="PASS" starttime="20231118 12:36:22.142" endtime="20231118 12:36:22.143"/>
</kw>
<kw name="Input Credentials" library="resource">
<arg>batman</arg>
<arg>clarkkent</arg>
<kw name="Input" library="AppLibrary">
<arg>${username}</arg>
<status status="PASS" starttime="20231118 12:36:22.143" endtime="20231118 12:36:22.143"/>
</kw>
<kw name="Input" library="AppLibrary">
<arg>${password}</arg>
<status status="PASS" starttime="20231118 12:36:22.143" endtime="20231118 12:36:22.143"/>
</kw>
<kw name="Run Application" library="AppLibrary">
<status status="PASS" starttime="20231118 12:36:22.143" endtime="20231118 12:36:22.143"/>
</kw>
<status status="PASS" starttime="20231118 12:36:22.143" endtime="20231118 12:36:22.143"/>
</kw>
<kw name="Output Should Contain" library="AppLibrary">
<arg>Password can't contain only letters</arg>
<status status="PASS" starttime="20231118 12:36:22.143" endtime="20231118 12:36:22.143"/>
</kw>
<status status="PASS" starttime="20231118 12:36:22.142" endtime="20231118 12:36:22.144"/>
</test>
<status status="PASS" starttime="20231118 12:36:22.133" endtime="20231118 12:36:22.144"/>
</suite>
<status status="PASS" starttime="20231118 12:36:22.112" endtime="20231118 12:36:22.144"/>
</suite>
<statistics>
<total>
<stat pass="9" fail="0" skip="0">All Tests</stat>
</total>
<tag>
</tag>
<suite>
<stat pass="9" fail="0" skip="0" id="s1" name="Tests">Tests</stat>
<stat pass="3" fail="0" skip="0" id="s1-s1" name="Login">Tests.Login</stat>
<stat pass="6" fail="0" skip="0" id="s1-s2" name="Register">Tests.Register</stat>
</suite>
</statistics>
<errors>
</errors>
</robot>
